<?xml version="1.0" encoding="utf-8"?><testsuites><testsuite name="pytest" errors="0" failures="0" skipped="0" tests="11" time="0.034" timestamp="2023-12-21T01:29:12.032556" hostname="codespaces-9ab916"><testcase classname="leetcode.roman-to-integer.test_roman_to_integer" name="test_roman_to_int[III-3]" time="0.001" /><testcase classname="leetcode.roman-to-integer.test_roman_to_integer" name="test_roman_to_int[LVIII-58]" time="0.001" /><testcase classname="leetcode.roman-to-integer.test_roman_to_integer" name="test_roman_to_int[I-1]" time="0.001" /><testcase classname="leetcode.roman-to-integer.test_roman_to_integer" name="test_roman_to_int[IX-9]" time="0.001" /><testcase classname="leetcode.roman-to-integer.test_roman_to_integer" name="test_roman_to_int[CDXLIV-444]" time="0.000" /><testcase classname="leetcode.roman-to-integer.test_roman_to_integer" name="test_roman_to_int[MCMXCIV-1994]" time="0.000" /><testcase classname="leetcode.roman-to-integer.test_roman_to_integer" name="test_roman_to_int[XC-90]" time="0.000" /><testcase classname="leetcode.roman-to-integer.test_roman_to_integer" name="test_roman_to_int[XL-40]" time="0.001" /><testcase classname="leetcode.roman-to-integer.test_roman_to_integer" name="test_roman_to_int[CXL-140]" time="0.001" /><testcase classname="leetcode.roman-to-integer.test_roman_to_integer" name="test_roman_to_int[MMMCMXCIX-3999]" time="0.001" /><testcase classname="leetcode.roman-to-integer.test_roman_to_integer" name="test_roman_to_int[-0]" time="0.001" /></testsuite></testsuites>