============================= test session starts ==============================
platform linux -- Python 3.10.13, pytest-8.1.1, pluggy-1.4.0
rootdir: /workspaces/leetcode
configfile: setup.cfg
plugins: anyio-4.3.0
collected 112 items
run-last-failure: no previously failed tests, not deselecting items.

leetcode/best-time-to-buy-and-sell-stock/test_best_time_to_buy_and_sell_stock.py .....
leetcode/compare-version-numbers/test_compare_version_numbers.py ..........
leetcode/contains-duplicate/test_contains_duplicate.py ...
leetcode/distribute-coins-in-binary-tree/test_distribute_coins_in_binary_tree.py ....
leetcode/evaluate-boolean-binary-tree/test_evaluate_boolean_binary_tree.py .......
leetcode/find-the-safest-path-in-a-grid/test_find_the_safest_path_in_a_grid.py ..........
leetcode/h-index/test_h_index.py .....
leetcode/k-th-smallest-prime-fraction/test_k_th_smallest_prime_fraction.py ....
leetcode/largest-positive-integer-that-exists-with-its-negative/test_largest_positive_integer_that_exists_with_its_negative.py .......
leetcode/maximize-happiness-of-selected-children/test_maximize_happiness_of_selected_children.py .
leetcode/path-with-maximum-gold/test_path_with_maximum_gold.py ............
leetcode/relative-ranks/test_relative_ranks.py ..
leetcode/remove-nodes-from-linked-list/test_remove_nodes_from_linked_list.py .....
leetcode/reverse-prefix-of-word/test_reverse_prefix_of_word.py .....
leetcode/score-after-flipping-matrix/test_score_after_flipping_matrix.py .....
leetcode/subsets/test_subsets.py ....
leetcode/the-number-of-beautiful-subsets/test_the_number_of_beautiful_subsets.py ......
leetcode/valid-anagram/test_valid_anagram.py ........
leetcode/valid-palindrome/test_valid_palindrome.py .........

------------- generated xml file: /workspaces/leetcode/pytest.xml --------------
============================= 112 passed in 0.21s ==============================
