<?xml version="1.0" encoding="utf-8"?><testsuites><testsuite name="pytest" errors="0" failures="0" skipped="0" tests="112" time="0.216" timestamp="2024-05-23T23:55:12.443573" hostname="codespaces-0ca688"><testcase classname="leetcode.best-time-to-buy-and-sell-stock.test_best_time_to_buy_and_sell_stock" name="test_maxProfit[prices0-6]" time="0.001" /><testcase classname="leetcode.best-time-to-buy-and-sell-stock.test_best_time_to_buy_and_sell_stock" name="test_maxProfit[prices1-4]" time="0.000" /><testcase classname="leetcode.best-time-to-buy-and-sell-stock.test_best_time_to_buy_and_sell_stock" name="test_maxProfit[prices2-0]" time="0.000" /><testcase classname="leetcode.best-time-to-buy-and-sell-stock.test_best_time_to_buy_and_sell_stock" name="test_maxProfit[prices3-1]" time="0.000" /><testcase classname="leetcode.best-time-to-buy-and-sell-stock.test_best_time_to_buy_and_sell_stock" name="test_maxProfit[prices4-6]" time="0.000" /><testcase classname="leetcode.compare-version-numbers.test_compare_version_numbers" name="test_compareVersion[1.0-1.0-0]" time="0.001" /><testcase classname="leetcode.compare-version-numbers.test_compare_version_numbers" name="test_compareVersion[0.1-1.1--1]" time="0.000" /><testcase classname="leetcode.compare-version-numbers.test_compare_version_numbers" name="test_compareVersion[1.2-1.1-1]" time="0.000" /><testcase classname="leetcode.compare-version-numbers.test_compare_version_numbers" name="test_compareVersion[1.0.1-1-1]" time="0.000" /><testcase classname="leetcode.compare-version-numbers.test_compare_version_numbers" name="test_compareVersion[7.5.2.4-7.5.3--1]" time="0.000" /><testcase classname="leetcode.compare-version-numbers.test_compare_version_numbers" name="test_compareVersion[1.01-1.001-0]" time="0.000" /><testcase classname="leetcode.compare-version-numbers.test_compare_version_numbers" name="test_compareVersion[1.0-1.0.0-0]" time="0.000" /><testcase classname="leetcode.compare-version-numbers.test_compare_version_numbers" name="test_compareVersion[1.0.0-1.0-0]" time="0.000" /><testcase classname="leetcode.compare-version-numbers.test_compare_version_numbers" name="test_compareVersion[1.0.0.0-1.0-0]" time="0.000" /><testcase classname="leetcode.compare-version-numbers.test_compare_version_numbers" name="test_compareVersion[1.0-1.0.0.0-0]" time="0.001" /><testcase classname="leetcode.contains-duplicate.test_contains_duplicate" name="test_containsDuplicate[input_nums0-True]" time="0.001" /><testcase classname="leetcode.contains-duplicate.test_contains_duplicate" name="test_containsDuplicate[input_nums1-False]" time="0.000" /><testcase classname="leetcode.contains-duplicate.test_contains_duplicate" name="test_containsDuplicate[input_nums2-True]" time="0.000" /><testcase classname="leetcode.distribute-coins-in-binary-tree.test_distribute_coins_in_binary_tree" name="test_distributeCoins[root0-2]" time="0.001" /><testcase classname="leetcode.distribute-coins-in-binary-tree.test_distribute_coins_in_binary_tree" name="test_distributeCoins[root1-3]" time="0.000" /><testcase classname="leetcode.distribute-coins-in-binary-tree.test_distribute_coins_in_binary_tree" name="test_distributeCoins[root2-2]" time="0.000" /><testcase classname="leetcode.distribute-coins-in-binary-tree.test_distribute_coins_in_binary_tree" name="test_distributeCoins[root3-4]" time="0.000" /><testcase classname="leetcode.evaluate-boolean-binary-tree.test_evaluate_boolean_binary_tree" name="test_evaluateTree[root0-True]" time="0.001" /><testcase classname="leetcode.evaluate-boolean-binary-tree.test_evaluate_boolean_binary_tree" name="test_evaluateTree[root1-False]" time="0.000" /><testcase classname="leetcode.evaluate-boolean-binary-tree.test_evaluate_boolean_binary_tree" name="test_evaluateTree[root2-True]" time="0.000" /><testcase classname="leetcode.evaluate-boolean-binary-tree.test_evaluate_boolean_binary_tree" name="test_evaluateTree[root3-False]" time="0.000" /><testcase classname="leetcode.evaluate-boolean-binary-tree.test_evaluate_boolean_binary_tree" name="test_evaluateTree[root4-True]" time="0.000" /><testcase classname="leetcode.evaluate-boolean-binary-tree.test_evaluate_boolean_binary_tree" name="test_evaluateTree[root5-False]" time="0.000" /><testcase classname="leetcode.evaluate-boolean-binary-tree.test_evaluate_boolean_binary_tree" name="test_evaluateTree[root6-True]" time="0.001" /><testcase classname="leetcode.find-the-safest-path-in-a-grid.test_find_the_safest_path_in_a_grid" name="test_find_safest_path[grid0-0]" time="0.001" /><testcase classname="leetcode.find-the-safest-path-in-a-grid.test_find_the_safest_path_in_a_grid" name="test_find_safest_path[grid1-2]" time="0.000" /><testcase classname="leetcode.find-the-safest-path-in-a-grid.test_find_the_safest_path_in_a_grid" name="test_find_safest_path[grid2-2]" time="0.000" /><testcase classname="leetcode.find-the-safest-path-in-a-grid.test_find_the_safest_path_in_a_grid" name="test_find_safest_path[grid3-0]" time="0.000" /><testcase classname="leetcode.find-the-safest-path-in-a-grid.test_find_the_safest_path_in_a_grid" name="test_find_safest_path[grid4-1]" time="0.001" /><testcase classname="leetcode.find-the-safest-path-in-a-grid.test_find_the_safest_path_in_a_grid" name="test_find_safest_path[grid5-0]" time="0.001" /><testcase classname="leetcode.find-the-safest-path-in-a-grid.test_find_the_safest_path_in_a_grid" name="test_find_safest_path[grid6-1]" time="0.000" /><testcase classname="leetcode.find-the-safest-path-in-a-grid.test_find_the_safest_path_in_a_grid" name="test_find_safest_path[grid7-1]" time="0.001" /><testcase classname="leetcode.find-the-safest-path-in-a-grid.test_find_the_safest_path_in_a_grid" name="test_find_safest_path[grid8-3]" time="0.000" /><testcase classname="leetcode.find-the-safest-path-in-a-grid.test_find_the_safest_path_in_a_grid" name="test_find_safest_path[grid9-1]" time="0.000" /><testcase classname="leetcode.h-index.test_h_index" name="test_hIndex[citations0-3]" time="0.001" /><testcase classname="leetcode.h-index.test_h_index" name="test_hIndex[citations1-3]" time="0.000" /><testcase classname="leetcode.h-index.test_h_index" name="test_hIndex[citations2-0]" time="0.000" /><testcase classname="leetcode.h-index.test_h_index" name="test_hIndex[citations3-4]" time="0.000" /><testcase classname="leetcode.h-index.test_h_index" name="test_hIndex[citations4-3]" time="0.001" /><testcase classname="leetcode.k-th-smallest-prime-fraction.test_k_th_smallest_prime_fraction" name="test_kth_smallest_prime_fraction[arr0-3-expected0]" time="0.001" /><testcase classname="leetcode.k-th-smallest-prime-fraction.test_k_th_smallest_prime_fraction" name="test_kth_smallest_prime_fraction[arr1-1-expected1]" time="0.001" /><testcase classname="leetcode.k-th-smallest-prime-fraction.test_k_th_smallest_prime_fraction" name="test_kth_smallest_prime_fraction[arr2-1-expected2]" time="0.000" /><testcase classname="leetcode.k-th-smallest-prime-fraction.test_k_th_smallest_prime_fraction" name="test_kth_smallest_prime_fraction[arr3-4-expected3]" time="0.001" /><testcase classname="leetcode.largest-positive-integer-that-exists-with-its-negative.test_largest_positive_integer_that_exists_with_its_negative" name="test_findMaxK[nums0--1]" time="0.001" /><testcase classname="leetcode.largest-positive-integer-that-exists-with-its-negative.test_largest_positive_integer_that_exists_with_its_negative" name="test_findMaxK[nums1--1]" time="0.001" /><testcase classname="leetcode.largest-positive-integer-that-exists-with-its-negative.test_largest_positive_integer_that_exists_with_its_negative" name="test_findMaxK[nums2--1]" time="0.000" /><testcase classname="leetcode.largest-positive-integer-that-exists-with-its-negative.test_largest_positive_integer_that_exists_with_its_negative" name="test_findMaxK[nums3--1]" time="0.000" /><testcase classname="leetcode.largest-positive-integer-that-exists-with-its-negative.test_largest_positive_integer_that_exists_with_its_negative" name="test_findMaxK[nums4--1]" time="0.000" /><testcase classname="leetcode.largest-positive-integer-that-exists-with-its-negative.test_largest_positive_integer_that_exists_with_its_negative" name="test_findMaxK[nums5-1]" time="0.001" /><testcase classname="leetcode.largest-positive-integer-that-exists-with-its-negative.test_largest_positive_integer_that_exists_with_its_negative" name="test_findMaxK[nums6-1]" time="0.000" /><testcase classname="leetcode.maximize-happiness-of-selected-children.test_maximize_happiness_of_selected_children" name="test_maximumHappinessSum[happiness0-1-3]" time="0.001" /><testcase classname="leetcode.path-with-maximum-gold.test_path_with_maximum_gold" name="test_get_maximum_gold[grid0-0]" time="0.001" /><testcase classname="leetcode.path-with-maximum-gold.test_path_with_maximum_gold" name="test_get_maximum_gold[grid1-10]" time="0.001" /><testcase classname="leetcode.path-with-maximum-gold.test_path_with_maximum_gold" name="test_get_maximum_gold[grid2-3]" time="0.000" /><testcase classname="leetcode.path-with-maximum-gold.test_path_with_maximum_gold" name="test_get_maximum_gold[grid3-24]" time="0.001" /><testcase classname="leetcode.path-with-maximum-gold.test_path_with_maximum_gold" name="test_get_maximum_gold[grid4-28]" time="0.001" /><testcase classname="leetcode.path-with-maximum-gold.test_path_with_maximum_gold" name="test_get_maximum_gold[grid5-20]" time="0.001" /><testcase classname="leetcode.path-with-maximum-gold.test_path_with_maximum_gold" name="test_get_maximum_gold[grid6-5]" time="0.000" /><testcase classname="leetcode.path-with-maximum-gold.test_path_with_maximum_gold" name="test_get_maximum_gold[grid7-4]" time="0.000" /><testcase classname="leetcode.path-with-maximum-gold.test_path_with_maximum_gold" name="test_get_maximum_gold[grid8-15]" time="0.001" /><testcase classname="leetcode.path-with-maximum-gold.test_path_with_maximum_gold" name="test_get_maximum_gold[grid9-15]" time="0.001" /><testcase classname="leetcode.path-with-maximum-gold.test_path_with_maximum_gold" name="test_get_maximum_gold[grid10-0]" time="0.001" /><testcase classname="leetcode.path-with-maximum-gold.test_path_with_maximum_gold" name="test_get_maximum_gold[grid11-100]" time="0.000" /><testcase classname="leetcode.relative-ranks.test_relative_ranks" name="test_findRelativeRanks[scores0-expected0]" time="0.001" /><testcase classname="leetcode.relative-ranks.test_relative_ranks" name="test_findRelativeRanks[scores1-expected1]" time="0.000" /><testcase classname="leetcode.remove-nodes-from-linked-list.test_remove_nodes_from_linked_list" name="test_removeNodes[input_list0-expected_list0]" time="0.001" /><testcase classname="leetcode.remove-nodes-from-linked-list.test_remove_nodes_from_linked_list" name="test_removeNodes[input_list1-expected_list1]" time="0.001" /><testcase classname="leetcode.remove-nodes-from-linked-list.test_remove_nodes_from_linked_list" name="test_removeNodes[input_list2-expected_list2]" time="0.000" /><testcase classname="leetcode.remove-nodes-from-linked-list.test_remove_nodes_from_linked_list" name="test_removeNodes[input_list3-expected_list3]" time="0.000" /><testcase classname="leetcode.remove-nodes-from-linked-list.test_remove_nodes_from_linked_list" name="test_removeNodes[input_list4-expected_list4]" time="0.000" /><testcase classname="leetcode.reverse-prefix-of-word.test_reverse_prefix_of_word" name="test_reversePrefix[abcdef-c-cbadef]" time="0.001" /><testcase classname="leetcode.reverse-prefix-of-word.test_reverse_prefix_of_word" name="test_reversePrefix[abcd-e-abcd]" time="0.001" /><testcase classname="leetcode.reverse-prefix-of-word.test_reverse_prefix_of_word" name="test_reversePrefix[-a-]" time="0.001" /><testcase classname="leetcode.reverse-prefix-of-word.test_reverse_prefix_of_word" name="test_reversePrefix[abcd-d-dcba]" time="0.000" /><testcase classname="leetcode.reverse-prefix-of-word.test_reverse_prefix_of_word" name="test_reversePrefix[abcdef-z-abcdef]" time="0.000" /><testcase classname="leetcode.score-after-flipping-matrix.test_score_after_flipping_matrix" name="test_matrix_score[grid0-39]" time="0.001" /><testcase classname="leetcode.score-after-flipping-matrix.test_score_after_flipping_matrix" name="test_matrix_score[grid1-1]" time="0.001" /><testcase classname="leetcode.score-after-flipping-matrix.test_score_after_flipping_matrix" name="test_matrix_score[grid2-18]" time="0.001" /><testcase classname="leetcode.score-after-flipping-matrix.test_score_after_flipping_matrix" name="test_matrix_score[grid3-21]" time="0.000" /><testcase classname="leetcode.score-after-flipping-matrix.test_score_after_flipping_matrix" name="test_matrix_score[grid4-1]" time="0.001" /><testcase classname="leetcode.subsets.test_subsets" name="test_subsets[nums0-expected0]" time="0.000" /><testcase classname="leetcode.subsets.test_subsets" name="test_subsets[nums1-expected1]" time="0.001" /><testcase classname="leetcode.subsets.test_subsets" name="test_subsets[nums2-expected2]" time="0.001" /><testcase classname="leetcode.subsets.test_subsets" name="test_subsets[nums3-expected3]" time="0.001" /><testcase classname="leetcode.the-number-of-beautiful-subsets.test_the_number_of_beautiful_subsets" name="test_beautifulSubsets[nums0-1-4]" time="0.001" /><testcase classname="leetcode.the-number-of-beautiful-subsets.test_the_number_of_beautiful_subsets" name="test_beautifulSubsets[nums1-1-0]" time="0.001" /><testcase classname="leetcode.the-number-of-beautiful-subsets.test_the_number_of_beautiful_subsets" name="test_beautifulSubsets[nums2-3-1]" time="0.001" /><testcase classname="leetcode.the-number-of-beautiful-subsets.test_the_number_of_beautiful_subsets" name="test_beautifulSubsets[nums3-10-15]" time="0.001" /><testcase classname="leetcode.the-number-of-beautiful-subsets.test_the_number_of_beautiful_subsets" name="test_beautifulSubsets[nums4-2-4]" time="0.001" /><testcase classname="leetcode.the-number-of-beautiful-subsets.test_the_number_of_beautiful_subsets" name="test_beautifulSubsets[nums5-15-7]" time="0.001" /><testcase classname="leetcode.valid-anagram.test_valid_anagram" name="test_isAnagram[--True]" time="0.001" /><testcase classname="leetcode.valid-anagram.test_valid_anagram" name="test_isAnagram[anagram-nagaram-True]" time="0.001" /><testcase classname="leetcode.valid-anagram.test_valid_anagram" name="test_isAnagram[rat-car-False]" time="0.001" /><testcase classname="leetcode.valid-anagram.test_valid_anagram" name="test_isAnagram[listen-silent-True0]" time="0.001" /><testcase classname="leetcode.valid-anagram.test_valid_anagram" name="test_isAnagram[abc-def-False]" time="0.001" /><testcase classname="leetcode.valid-anagram.test_valid_anagram" name="test_isAnagram[listen-silent-True1]" time="0.000" /><testcase classname="leetcode.valid-anagram.test_valid_anagram" name="test_isAnagram[evil-vile-True]" time="0.000" /><testcase classname="leetcode.valid-anagram.test_valid_anagram" name="test_isAnagram[racecar-racecar-True]" time="0.001" /><testcase classname="leetcode.valid-palindrome.test_valid_palindrome" name="test_isPalindrome[--True]" time="0.001" /><testcase classname="leetcode.valid-palindrome.test_valid_palindrome" name="test_isPalindrome[a-a-True]" time="0.001" /><testcase classname="leetcode.valid-palindrome.test_valid_palindrome" name="test_isPalindrome[racecar-racecar-True]" time="0.000" /><testcase classname="leetcode.valid-palindrome.test_valid_palindrome" name="test_isPalindrome[hello-world-False]" time="0.000" /><testcase classname="leetcode.valid-palindrome.test_valid_palindrome" name="test_isPalindrome[abc-cba-True]" time="0.000" /><testcase classname="leetcode.valid-palindrome.test_valid_palindrome" name="test_isPalindrome[aab-bba-False]" time="0.000" /><testcase classname="leetcode.valid-palindrome.test_valid_palindrome" name="test_isPalindrome[abb-bab-True]" time="0.000" /><testcase classname="leetcode.valid-palindrome.test_valid_palindrome" name="test_isPalindrome[abcd-dcba-True]" time="0.001" /><testcase classname="leetcode.valid-palindrome.test_valid_palindrome" name="test_isPalindrome[abc-defg-False]" time="0.001" /></testsuite></testsuites>