============================= test session starts ==============================
platform linux -- Python 3.10.12, pytest-7.4.3, pluggy-1.3.0
rootdir: /workspaces/leetcode
configfile: setup.cfg
collected 49 items
run-last-failure: no previously failed tests, not deselecting items.

leetcode/divide-two-integers/test_divide_two_integers.py .............
leetcode/integer-to-roman/test_integer_to_roman.py ...........
leetcode/palindrome-number/test_palindrome_number.py ......
leetcode/remove-duplicates-from-sorted-array/test_arrays_hashing.py ....
leetcode/remove-duplicates-from-sorted-array/test_two_pointer.py ....
leetcode/roman-to-integer/test_roman_to_integer.py ...........

------------- generated xml file: /workspaces/leetcode/pytest.xml --------------
============================== 49 passed in 0.04s ==============================
