<?xml version="1.0" encoding="utf-8"?><testsuites><testsuite name="pytest" errors="0" failures="0" skipped="0" tests="41" time="0.114" timestamp="2024-01-19T05:11:43.400200" hostname="codespaces-c94e59"><testcase classname="leetcode.happy-number.test_happy_number" name="test_is_happy[19-True]" time="0.001" /><testcase classname="leetcode.happy-number.test_happy_number" name="test_is_happy[2-False]" time="0.001" /><testcase classname="leetcode.happy-number.test_happy_number" name="test_is_happy[1-True]" time="0.001" /><testcase classname="leetcode.happy-number.test_happy_number" name="test_is_happy[7-True]" time="0.001" /><testcase classname="leetcode.happy-number.test_happy_number" name="test_is_happy[1111111-True]" time="0.001" /><testcase classname="leetcode.happy-number.test_happy_number" name="test_is_happy[44-True]" time="0.001" /><testcase classname="leetcode.happy-number.test_happy_number" name="test_is_happy[0-False]" time="0.001" /><testcase classname="leetcode.multiply-strings.test_multiply_strings" name="test_multiply[2-3-6]" time="0.001" /><testcase classname="leetcode.multiply-strings.test_multiply_strings" name="test_multiply[123-456-56088]" time="0.001" /><testcase classname="leetcode.multiply-strings.test_multiply_strings" name="test_multiply[999-999-998001]" time="0.001" /><testcase classname="leetcode.plus-one.test_plus_one" name="test_plus_one[digits0-expected0]" time="0.001" /><testcase classname="leetcode.plus-one.test_plus_one" name="test_plus_one[digits1-expected1]" time="0.001" /><testcase classname="leetcode.plus-one.test_plus_one" name="test_plus_one[digits2-expected2]" time="0.001" /><testcase classname="leetcode.plus-one.test_plus_one" name="test_plus_one[digits3-expected3]" time="0.001" /><testcase classname="leetcode.plus-one.test_plus_one" name="test_plus_one[digits4-expected4]" time="0.001" /><testcase classname="leetcode.plus-one.test_plus_one" name="test_plus_one[digits5-expected5]" time="0.001" /><testcase classname="leetcode.plus-one.test_plus_one" name="test_plus_one[digits6-expected6]" time="0.001" /><testcase classname="leetcode.powx-n.test_powx_n" name="test_powx_n[2.0-10-1024.0]" time="0.001" /><testcase classname="leetcode.powx-n.test_powx_n" name="test_powx_n[2.0--2-0.25]" time="0.001" /><testcase classname="leetcode.powx-n.test_powx_n" name="test_powx_n[1e-05-2147483647-0.0]" time="0.001" /><testcase classname="leetcode.powx-n.test_powx_n" name="test_powx_n[2.0-0-1.0]" time="0.001" /><testcase classname="leetcode.powx-n.test_powx_n" name="test_powx_n[1.0-1000000-1.0]" time="0.001" /><testcase classname="leetcode.powx-n.test_powx_n" name="test_powx_n[-2.0-10-1024.0]" time="0.001" /><testcase classname="leetcode.powx-n.test_powx_n" name="test_powx_n[-2.0-9--512.0]" time="0.001" /><testcase classname="leetcode.rotate-image.test_rotate_image" name="test_rotate[matrix0-expected0]" time="0.001" /><testcase classname="leetcode.rotate-image.test_rotate_image" name="test_rotate[matrix1-expected1]" time="0.001" /><testcase classname="leetcode.rotate-image.test_rotate_image" name="test_rotate[matrix2-expected2]" time="0.001" /><testcase classname="leetcode.rotate-image.test_rotate_image" name="test_rotate[matrix3-expected3]" time="0.001" /><testcase classname="leetcode.set-matrix-zeroes.test_set_matrix_zeroes" name="test_set_matrix_zeroes[matrix0-expected0]" time="0.001" /><testcase classname="leetcode.set-matrix-zeroes.test_set_matrix_zeroes" name="test_set_matrix_zeroes[matrix1-expected1]" time="0.001" /><testcase classname="leetcode.set-matrix-zeroes.test_set_matrix_zeroes" name="test_set_matrix_zeroes[matrix2-expected2]" time="0.001" /><testcase classname="leetcode.set-matrix-zeroes.test_set_matrix_zeroes" name="test_set_matrix_zeroes[matrix3-expected3]" time="0.001" /><testcase classname="leetcode.set-matrix-zeroes.test_set_matrix_zeroes" name="test_set_matrix_zeroes[matrix4-expected4]" time="0.001" /><testcase classname="leetcode.set-matrix-zeroes.test_set_matrix_zeroes" name="test_set_matrix_zeroes[matrix5-expected5]" time="0.001" /><testcase classname="leetcode.set-matrix-zeroes.test_set_matrix_zeroes" name="test_set_matrix_zeroes[matrix6-expected6]" time="0.001" /><testcase classname="leetcode.spiral-matrix.test_spiral_matrix" name="test_spiralOrder[matrix0-expected0]" time="0.001" /><testcase classname="leetcode.spiral-matrix.test_spiral_matrix" name="test_spiralOrder[matrix1-expected1]" time="0.001" /><testcase classname="leetcode.spiral-matrix.test_spiral_matrix" name="test_spiralOrder[matrix2-expected2]" time="0.001" /><testcase classname="leetcode.spiral-matrix.test_spiral_matrix" name="test_spiralOrder[matrix3-expected3]" time="0.001" /><testcase classname="leetcode.spiral-matrix.test_spiral_matrix" name="test_spiralOrder[matrix4-expected4]" time="0.001" /><testcase classname="leetcode.spiral-matrix.test_spiral_matrix" name="test_spiralOrder[matrix5-expected5]" time="0.001" /></testsuite></testsuites>