<?xml version="1.0" encoding="utf-8"?><testsuites><testsuite name="pytest" errors="0" failures="0" skipped="0" tests="17" time="0.024" timestamp="2023-11-27T19:39:33.181985" hostname="6e0a35ceffed"><testcase classname="leetcode.integer-to-roman.test_integer_to_roman" name="test_int_to_roman[1-I]" time="0.000" /><testcase classname="leetcode.integer-to-roman.test_integer_to_roman" name="test_int_to_roman[4-IV]" time="0.000" /><testcase classname="leetcode.integer-to-roman.test_integer_to_roman" name="test_int_to_roman[9-IX]" time="0.000" /><testcase classname="leetcode.integer-to-roman.test_integer_to_roman" name="test_int_to_roman[58-LVIII]" time="0.000" /><testcase classname="leetcode.integer-to-roman.test_integer_to_roman" name="test_int_to_roman[1994-MCMXCIV]" time="0.000" /><testcase classname="leetcode.roman-to-integer.test_roman_to_integer" name="test_roman_to_int[III-3]" time="0.000" /><testcase classname="leetcode.roman-to-integer.test_roman_to_integer" name="test_roman_to_int[LVIII-58]" time="0.000" /><testcase classname="leetcode.roman-to-integer.test_roman_to_integer" name="test_roman_to_int[I-1]" time="0.000" /><testcase classname="leetcode.roman-to-integer.test_roman_to_integer" name="test_roman_to_int[IX-9]" time="0.000" /><testcase classname="leetcode.roman-to-integer.test_roman_to_integer" name="test_roman_to_int[CDXLIV-444]" time="0.000" /><testcase classname="leetcode.roman-to-integer.test_roman_to_integer" name="test_roman_to_int[MCMXCIV-1994]" time="0.000" /><testcase classname="leetcode.roman-to-integer.test_roman_to_integer" name="test_roman_to_int[XC-90]" time="0.000" /><testcase classname="leetcode.roman-to-integer.test_roman_to_integer" name="test_roman_to_int[XL-40]" time="0.000" /><testcase classname="leetcode.roman-to-integer.test_roman_to_integer" name="test_roman_to_int[CXL-140]" time="0.000" /><testcase classname="leetcode.roman-to-integer.test_roman_to_integer" name="test_roman_to_int[MMMCMXCIX-3999]" time="0.000" /><testcase classname="leetcode.roman-to-integer.test_roman_to_integer" name="test_roman_to_int[-0]" time="0.000" /><testcase classname="leetcode.roman-to-integer.test_roman_to_integer" name="test_roman_to_int[MMMMCMXCIX-4999]" time="0.000" /></testsuite></testsuites>