<?xml version="1.0" encoding="utf-8"?><testsuites><testsuite name="pytest" errors="0" failures="0" skipped="0" tests="41" time="0.037" timestamp="2023-11-29T18:50:28.494921" hostname="f62243881d2b"><testcase classname="leetcode.divide-two-integers.test_divide_two_integers" name="test_divide[10-3-3]" time="0.000" /><testcase classname="leetcode.divide-two-integers.test_divide_two_integers" name="test_divide[7--3--2]" time="0.000" /><testcase classname="leetcode.divide-two-integers.test_divide_two_integers" name="test_divide[-2147483648--1-2147483647]" time="0.000" /><testcase classname="leetcode.divide-two-integers.test_divide_two_integers" name="test_divide[0-1-0]" time="0.000" /><testcase classname="leetcode.divide-two-integers.test_divide_two_integers" name="test_divide[1-1-1]" time="0.000" /><testcase classname="leetcode.divide-two-integers.test_divide_two_integers" name="test_divide[2147483647-1-2147483647]" time="0.000" /><testcase classname="leetcode.divide-two-integers.test_divide_two_integers" name="test_divide[15-5-3]" time="0.000" /><testcase classname="leetcode.divide-two-integers.test_divide_two_integers" name="test_divide[50-7-7]" time="0.000" /><testcase classname="leetcode.divide-two-integers.test_divide_two_integers" name="test_divide[-100--25-4]" time="0.000" /><testcase classname="leetcode.divide-two-integers.test_divide_two_integers" name="test_divide[0--5-0]" time="0.000" /><testcase classname="leetcode.divide-two-integers.test_divide_two_integers" name="test_divide[1024-16-64]" time="0.000" /><testcase classname="leetcode.divide-two-integers.test_divide_two_integers" name="test_divide[-12345-789--15]" time="0.000" /><testcase classname="leetcode.divide-two-integers.test_divide_two_integers" name="test_divide[123456-789-156]" time="0.000" /><testcase classname="leetcode.integer-to-roman.test_integer_to_roman" name="test_int_to_roman[3-III]" time="0.000" /><testcase classname="leetcode.integer-to-roman.test_integer_to_roman" name="test_int_to_roman[58-LVIII]" time="0.000" /><testcase classname="leetcode.integer-to-roman.test_integer_to_roman" name="test_int_to_roman[1-I]" time="0.000" /><testcase classname="leetcode.integer-to-roman.test_integer_to_roman" name="test_int_to_roman[9-IX]" time="0.000" /><testcase classname="leetcode.integer-to-roman.test_integer_to_roman" name="test_int_to_roman[444-CDXLIV]" time="0.000" /><testcase classname="leetcode.integer-to-roman.test_integer_to_roman" name="test_int_to_roman[1994-MCMXCIV]" time="0.000" /><testcase classname="leetcode.integer-to-roman.test_integer_to_roman" name="test_int_to_roman[90-XC]" time="0.000" /><testcase classname="leetcode.integer-to-roman.test_integer_to_roman" name="test_int_to_roman[40-XL]" time="0.000" /><testcase classname="leetcode.integer-to-roman.test_integer_to_roman" name="test_int_to_roman[140-CXL]" time="0.000" /><testcase classname="leetcode.integer-to-roman.test_integer_to_roman" name="test_int_to_roman[3999-MMMCMXCIX]" time="0.000" /><testcase classname="leetcode.integer-to-roman.test_integer_to_roman" name="test_int_to_roman[0-]" time="0.000" /><testcase classname="leetcode.palindrome-number.test_palindrome_number" name="test_is_palindrome[121-True]" time="0.000" /><testcase classname="leetcode.palindrome-number.test_palindrome_number" name="test_is_palindrome[-121-False]" time="0.000" /><testcase classname="leetcode.palindrome-number.test_palindrome_number" name="test_is_palindrome[10-False]" time="0.000" /><testcase classname="leetcode.palindrome-number.test_palindrome_number" name="test_is_palindrome[0-True]" time="0.000" /><testcase classname="leetcode.palindrome-number.test_palindrome_number" name="test_is_palindrome[12321-True]" time="0.000" /><testcase classname="leetcode.palindrome-number.test_palindrome_number" name="test_is_palindrome[123456-False]" time="0.000" /><testcase classname="leetcode.roman-to-integer.test_roman_to_integer" name="test_roman_to_int[III-3]" time="0.000" /><testcase classname="leetcode.roman-to-integer.test_roman_to_integer" name="test_roman_to_int[LVIII-58]" time="0.000" /><testcase classname="leetcode.roman-to-integer.test_roman_to_integer" name="test_roman_to_int[I-1]" time="0.000" /><testcase classname="leetcode.roman-to-integer.test_roman_to_integer" name="test_roman_to_int[IX-9]" time="0.000" /><testcase classname="leetcode.roman-to-integer.test_roman_to_integer" name="test_roman_to_int[CDXLIV-444]" time="0.000" /><testcase classname="leetcode.roman-to-integer.test_roman_to_integer" name="test_roman_to_int[MCMXCIV-1994]" time="0.000" /><testcase classname="leetcode.roman-to-integer.test_roman_to_integer" name="test_roman_to_int[XC-90]" time="0.000" /><testcase classname="leetcode.roman-to-integer.test_roman_to_integer" name="test_roman_to_int[XL-40]" time="0.000" /><testcase classname="leetcode.roman-to-integer.test_roman_to_integer" name="test_roman_to_int[CXL-140]" time="0.000" /><testcase classname="leetcode.roman-to-integer.test_roman_to_integer" name="test_roman_to_int[MMMCMXCIX-3999]" time="0.000" /><testcase classname="leetcode.roman-to-integer.test_roman_to_integer" name="test_roman_to_int[-0]" time="0.000" /></testsuite></testsuites>