<?xml version="1.0" encoding="utf-8"?><testsuites><testsuite name="pytest" errors="1" failures="0" skipped="0" tests="1" time="0.066" timestamp="2023-11-30T19:18:30.774075" hostname="726544e6ebf1"><testcase classname="" name="leetcode.palindrome-number.test_palindrome_number" time="0.000"><error message="collection failure">ImportError while importing test module '/workspaces/leetcode/leetcode/palindrome-number/test_palindrome_number.py'.
Hint: make sure your test modules/packages have valid Python names.
Traceback:
/home/vscode/.pyenv/versions/3.10.12/lib/python3.10/importlib/__init__.py:126: in import_module
    return _bootstrap._gcd_import(name[level:], package, level)
leetcode/palindrome-number/test_palindrome_number.py:2: in &lt;module&gt;
    from array.palindrome_number import Solution
E   ModuleNotFoundError: No module named 'array.palindrome_number'; 'array' is not a package</error></testcase></testsuite></testsuites>