<?xml version="1.0" encoding="utf-8"?><testsuites><testsuite name="pytest" errors="0" failures="0" skipped="0" tests="578" time="0.547" timestamp="2023-11-27T08:36:33.762727" hostname="1eb1bd7371e2"><testcase classname="leetcode.3sum.test_three_sum" name="test_threeSum[nums0-expected0]" time="0.000" /><testcase classname="leetcode.3sum.test_three_sum" name="test_threeSum[nums1-expected1]" time="0.000" /><testcase classname="leetcode.3sum.test_three_sum" name="test_threeSum[nums2-expected2]" time="0.000" /><testcase classname="leetcode.3sum.test_three_sum" name="test_threeSum[nums3-expected3]" time="0.000" /><testcase classname="leetcode.3sum.test_three_sum" name="test_threeSum[nums4-expected4]" time="0.000" /><testcase classname="leetcode.3sum.test_three_sum" name="test_threeSum[nums5-expected5]" time="0.000" /><testcase classname="leetcode.3sum.test_three_sum" name="test_threeSum[nums6-expected6]" time="0.000" /><testcase classname="leetcode.3sum.test_three_sum" name="test_threeSum[nums7-expected7]" time="0.000" /><testcase classname="leetcode.3sum.test_three_sum" name="test_threeSum[nums8-expected8]" time="0.000" /><testcase classname="leetcode.3sum-closest.test_three_sum_closest.TestSolution" name="test_threeSumClosest[nums0-1-2]" time="0.000" /><testcase classname="leetcode.3sum-closest.test_three_sum_closest.TestSolution" name="test_threeSumClosest[nums1-1-0]" time="0.000" /><testcase classname="leetcode.3sum-closest.test_three_sum_closest.TestSolution" name="test_threeSumClosest[nums2-6-6]" time="0.000" /><testcase classname="leetcode.3sum-closest.test_three_sum_closest.TestSolution" name="test_threeSumClosest[nums3-1-0]" time="0.000" /><testcase classname="leetcode.3sum-closest.test_three_sum_closest.TestSolution" name="test_threeSumClosest[nums4-4-3]" time="0.000" /><testcase classname="leetcode.4Sum.test_four_sum" name="test_fourSum[nums0-0-expected0]" time="0.000" /><testcase classname="leetcode.4Sum.test_four_sum" name="test_fourSum[nums1-0-expected1]" time="0.000" /><testcase classname="leetcode.4Sum.test_four_sum" name="test_fourSum[nums2-8-expected2]" time="0.000" /><testcase classname="leetcode.4Sum.test_four_sum" name="test_fourSum[nums3--1-expected3]" time="0.000" /><testcase classname="leetcode.4Sum.test_four_sum" name="test_fourSum[nums4-10-expected4]" time="0.000" /><testcase classname="leetcode.4Sum.test_four_sum" name="test_fourSum[nums5-0-expected5]" time="0.000" /><testcase classname="leetcode.add-two-numbers.test_add_two_numbers" name="test_add_two_numbers[l10-l20-expected0]" time="0.000" /><testcase classname="leetcode.add-two-numbers.test_add_two_numbers" name="test_add_two_numbers[l11-l21-expected1]" time="0.000" /><testcase classname="leetcode.add-two-numbers.test_add_two_numbers" name="test_add_two_numbers[l12-l22-expected2]" time="0.000" /><testcase classname="leetcode.add-two-numbers.test_add_two_numbers" name="test_add_two_numbers[l13-l23-expected3]" time="0.000" /><testcase classname="leetcode.add-two-numbers.test_add_two_numbers" name="test_add_two_numbers[l14-l24-expected4]" time="0.001" /><testcase classname="leetcode.add-two-numbers.test_add_two_numbers" name="test_add_two_numbers[l15-l25-expected5]" time="0.000" /><testcase classname="leetcode.add-two-numbers.test_add_two_numbers" name="test_add_two_numbers[l16-l26-expected6]" time="0.000" /><testcase classname="leetcode.add-two-numbers.test_add_two_numbers" name="test_add_two_numbers[l17-l27-expected7]" time="0.000" /><testcase classname="leetcode.add-two-numbers.test_add_two_numbers" name="test_add_two_numbers_large_numbers" time="0.000" /><testcase classname="leetcode.add-two-numbers.test_add_two_numbers" name="test_add_two_numbers_single_digit_carry" time="0.000" /><testcase classname="leetcode.binary-tree-inorder-traversal.test_binary_tree_inorder_traversal" name="test_inorderTraversal[tree_values0-expected_result0]" time="0.000" /><testcase classname="leetcode.binary-tree-inorder-traversal.test_binary_tree_inorder_traversal" name="test_inorderTraversal[tree_values1-expected_result1]" time="0.000" /><testcase classname="leetcode.binary-tree-inorder-traversal.test_binary_tree_inorder_traversal" name="test_inorderTraversal[tree_values2-expected_result2]" time="0.000" /><testcase classname="leetcode.climbing-stairs.test_climbing_stairs" name="test_climbStairs[1-1]" time="0.000" /><testcase classname="leetcode.climbing-stairs.test_climbing_stairs" name="test_climbStairs[2-2]" time="0.000" /><testcase classname="leetcode.climbing-stairs.test_climbing_stairs" name="test_climbStairs[3-3]" time="0.000" /><testcase classname="leetcode.climbing-stairs.test_climbing_stairs" name="test_climbStairs[4-5]" time="0.000" /><testcase classname="leetcode.climbing-stairs.test_climbing_stairs" name="test_climbStairs[5-8]" time="0.000" /><testcase classname="leetcode.climbing-stairs.test_climbing_stairs" name="test_climbStairs[10-89]" time="0.000" /><testcase classname="leetcode.combination-sum.test_combination_sum" name="test_combinationSum[candidates0-7-expected_output0]" time="0.000" /><testcase classname="leetcode.combination-sum.test_combination_sum" name="test_combinationSum[candidates1-8-expected_output1]" time="0.000" /><testcase classname="leetcode.combination-sum-ii.test_combination_sum_ii" name="test_combinationSum2[candidates0-8-expected_output0]" time="0.000" /><testcase classname="leetcode.combination-sum-ii.test_combination_sum_ii" name="test_combinationSum2[candidates1-5-expected_output1]" time="0.000" /><testcase classname="leetcode.combinations.test_combinations" name="test_combine[4-2-expected0]" time="0.000" /><testcase classname="leetcode.combinations.test_combinations" name="test_combine[1-1-expected1]" time="0.000" /><testcase classname="leetcode.combinations.test_combinations" name="test_combine[5-3-expected2]" time="0.000" /><testcase classname="leetcode.container-with-most-water.test_container_with_most_water.TestSolution" name="test_maxArea[height0-49]" time="0.000" /><testcase classname="leetcode.container-with-most-water.test_container_with_most_water.TestSolution" name="test_maxArea[height1-16]" time="0.000" /><testcase classname="leetcode.container-with-most-water.test_container_with_most_water.TestSolution" name="test_maxArea[height2-2]" time="0.000" /><testcase classname="leetcode.count-and-say.test_count_and_say" name="test_countAndSay[1-1]" time="0.000" /><testcase classname="leetcode.count-and-say.test_count_and_say" name="test_countAndSay[2-11]" time="0.000" /><testcase classname="leetcode.count-and-say.test_count_and_say" name="test_countAndSay[3-21]" time="0.000" /><testcase classname="leetcode.count-and-say.test_count_and_say" name="test_countAndSay[4-1211]" time="0.000" /><testcase classname="leetcode.count-and-say.test_count_and_say" name="test_countAndSay[5-111221]" time="0.000" /><testcase classname="leetcode.decode-ways.test_decode_ways" name="test_numDecodings[12-2]" time="0.000" /><testcase classname="leetcode.decode-ways.test_decode_ways" name="test_numDecodings[226-3]" time="0.000" /><testcase classname="leetcode.decode-ways.test_decode_ways" name="test_numDecodings[0-0]" time="0.000" /><testcase classname="leetcode.decode-ways.test_decode_ways" name="test_numDecodings[06-0]" time="0.000" /><testcase classname="leetcode.decode-ways.test_decode_ways" name="test_numDecodings[10-1]" time="0.000" /><testcase classname="leetcode.decode-ways.test_decode_ways" name="test_numDecodings[2101-1]" time="0.000" /><testcase classname="leetcode.decode-ways.test_decode_ways" name="test_numDecodings[27-1]" time="0.000" /><testcase classname="leetcode.decode-ways.test_decode_ways" name="test_numDecodings[11106-2]" time="0.000" /><testcase classname="leetcode.divide-two-integers.test_divide_two_integers" name="test_divide[10-3-3]" time="0.000" /><testcase classname="leetcode.divide-two-integers.test_divide_two_integers" name="test_divide[7--3--2]" time="0.000" /><testcase classname="leetcode.divide-two-integers.test_divide_two_integers" name="test_divide[-2147483648--1-2147483647]" time="0.000" /><testcase classname="leetcode.divide-two-integers.test_divide_two_integers" name="test_divide[0-1-0]" time="0.000" /><testcase classname="leetcode.divide-two-integers.test_divide_two_integers" name="test_divide[1-1-1]" time="0.000" /><testcase classname="leetcode.divide-two-integers.test_divide_two_integers" name="test_divide[2147483647-1-2147483647]" time="0.000" /><testcase classname="leetcode.divide-two-integers.test_divide_two_integers" name="test_divide[15-5-3]" time="0.000" /><testcase classname="leetcode.divide-two-integers.test_divide_two_integers" name="test_divide[50-7-7]" time="0.000" /><testcase classname="leetcode.divide-two-integers.test_divide_two_integers" name="test_divide[-100--25-4]" time="0.000" /><testcase classname="leetcode.divide-two-integers.test_divide_two_integers" name="test_divide[0--5-0]" time="0.000" /><testcase classname="leetcode.divide-two-integers.test_divide_two_integers" name="test_divide[1024-16-64]" time="0.000" /><testcase classname="leetcode.divide-two-integers.test_divide_two_integers" name="test_divide[-12345-789--15]" time="0.000" /><testcase classname="leetcode.divide-two-integers.test_divide_two_integers" name="test_divide[123456-789-156]" time="0.000" /><testcase classname="leetcode.edit-distance.test_edit_distance" name="test_minDistance[horse-ros-3]" time="0.000" /><testcase classname="leetcode.edit-distance.test_edit_distance" name="test_minDistance[intention-execution-5]" time="0.000" /><testcase classname="leetcode.edit-distance.test_edit_distance" name="test_minDistance[abc-def-3]" time="0.000" /><testcase classname="leetcode.edit-distance.test_edit_distance" name="test_minDistance[kitten-sitting-3]" time="0.000" /><testcase classname="leetcode.edit-distance.test_edit_distance" name="test_minDistance[-word-4]" time="0.000" /><testcase classname="leetcode.edit-distance.test_edit_distance" name="test_minDistance[abc--3]" time="0.000" /><testcase classname="leetcode.edit-distance.test_edit_distance" name="test_minDistance[--0]" time="0.000" /><testcase classname="leetcode.find-first-and-last-position-of-element-in-sorted-array.test_find_first_and_last_position_of_element_in_sorted_array" name="test_searchRange[nums0-8-expected_result0]" time="0.000" /><testcase classname="leetcode.find-first-and-last-position-of-element-in-sorted-array.test_find_first_and_last_position_of_element_in_sorted_array" name="test_searchRange[nums1-6-expected_result1]" time="0.000" /><testcase classname="leetcode.find-first-and-last-position-of-element-in-sorted-array.test_find_first_and_last_position_of_element_in_sorted_array" name="test_searchRange[nums2-0-expected_result2]" time="0.000" /><testcase classname="leetcode.find-first-and-last-position-of-element-in-sorted-array.test_find_first_and_last_position_of_element_in_sorted_array" name="test_searchRange[nums3-1-expected_result3]" time="0.000" /><testcase classname="leetcode.find-first-and-last-position-of-element-in-sorted-array.test_find_first_and_last_position_of_element_in_sorted_array" name="test_searchRange[nums4-2-expected_result4]" time="0.000" /><testcase classname="leetcode.find-first-and-last-position-of-element-in-sorted-array.test_find_first_and_last_position_of_element_in_sorted_array" name="test_searchRange[nums5-4-expected_result5]" time="0.000" /><testcase classname="leetcode.find-first-and-last-position-of-element-in-sorted-array.test_find_first_and_last_position_of_element_in_sorted_array" name="test_searchRange[nums6-4-expected_result6]" time="0.000" /><testcase classname="leetcode.find-first-and-last-position-of-element-in-sorted-array.test_find_first_and_last_position_of_element_in_sorted_array" name="test_searchRange[nums7-7-expected_result7]" time="0.000" /><testcase classname="leetcode.find-first-and-last-position-of-element-in-sorted-array.test_find_first_and_last_position_of_element_in_sorted_array" name="test_searchRange[nums8-0-expected_result8]" time="0.000" /><testcase classname="leetcode.find-the-index-of-the-first-occurrence-in-a-string.test_find_the_index_of_the_first_occurrence_in_a_string" name="test_strStr[--0]" time="0.000" /><testcase classname="leetcode.find-the-index-of-the-first-occurrence-in-a-string.test_find_the_index_of_the_first_occurrence_in_a_string" name="test_strStr[hello--0]" time="0.000" /><testcase classname="leetcode.find-the-index-of-the-first-occurrence-in-a-string.test_find_the_index_of_the_first_occurrence_in_a_string" name="test_strStr[hello-ll-2]" time="0.000" /><testcase classname="leetcode.find-the-index-of-the-first-occurrence-in-a-string.test_find_the_index_of_the_first_occurrence_in_a_string" name="test_strStr[aaaaa-bba--1]" time="0.000" /><testcase classname="leetcode.find-the-index-of-the-first-occurrence-in-a-string.test_find_the_index_of_the_first_occurrence_in_a_string" name="test_strStr[abcdef-ef-4]" time="0.000" /><testcase classname="leetcode.find-the-index-of-the-first-occurrence-in-a-string.test_find_the_index_of_the_first_occurrence_in_a_string" name="test_strStr[abc-abcd--1]" time="0.000" /><testcase classname="leetcode.find-the-index-of-the-first-occurrence-in-a-string.test_find_the_index_of_the_first_occurrence_in_a_string" name="test_strStr[abc-abc-0]" time="0.000" /><testcase classname="leetcode.first-missing-positive.test_first_missing_positive" name="test_firstMissingPositive[nums0-3]" time="0.000" /><testcase classname="leetcode.first-missing-positive.test_first_missing_positive" name="test_firstMissingPositive[nums1-2]" time="0.000" /><testcase classname="leetcode.first-missing-positive.test_first_missing_positive" name="test_firstMissingPositive[nums2-1]" time="0.000" /><testcase classname="leetcode.generate-parentheses.test_generate_parentheses" name="test_generateParenthesis[1-expected0]" time="0.000" /><testcase classname="leetcode.generate-parentheses.test_generate_parentheses" name="test_generateParenthesis[2-expected1]" time="0.000" /><testcase classname="leetcode.generate-parentheses.test_generate_parentheses" name="test_generateParenthesis[3-expected2]" time="0.000" /><testcase classname="leetcode.gray-code.test_gray_code" name="test_grayCode[2-expected_result0]" time="0.000" /><testcase classname="leetcode.gray-code.test_gray_code" name="test_grayCode[3-expected_result1]" time="0.000" /><testcase classname="leetcode.gray-code.test_gray_code" name="test_grayCode[1-expected_result2]" time="0.000" /><testcase classname="leetcode.gray-code.test_gray_code" name="test_grayCode[4-expected_result3]" time="0.000" /><testcase classname="leetcode.group-anagrams.test_group_anagrams" name="test_groupAnagrams[strs0-expected0]" time="0.000" /><testcase classname="leetcode.group-anagrams.test_group_anagrams" name="test_groupAnagrams[strs1-expected1]" time="0.000" /><testcase classname="leetcode.group-anagrams.test_group_anagrams" name="test_groupAnagrams[strs2-expected2]" time="0.000" /><testcase classname="leetcode.group-anagrams.test_group_anagrams" name="test_groupAnagrams[strs3-expected3]" time="0.000" /><testcase classname="leetcode.group-anagrams.test_group_anagrams" name="test_groupAnagrams[strs4-expected4]" time="0.000" /><testcase classname="leetcode.group-anagrams.test_group_anagrams" name="test_groupAnagrams[strs5-expected5]" time="0.000" /><testcase classname="leetcode.group-anagrams.test_group_anagrams" name="test_groupAnagrams[strs6-expected6]" time="0.000" /><testcase classname="leetcode.insert-interval.test_insert_interval" name="test_insert[intervals0-new_interval0-expected0]" time="0.000" /><testcase classname="leetcode.insert-interval.test_insert_interval" name="test_insert[intervals1-new_interval1-expected1]" time="0.000" /><testcase classname="leetcode.insert-interval.test_insert_interval" name="test_insert[intervals2-new_interval2-expected2]" time="0.000" /><testcase classname="leetcode.insert-interval.test_insert_interval" name="test_insert[intervals3-new_interval3-expected3]" time="0.000" /><testcase classname="leetcode.insert-interval.test_insert_interval" name="test_insert[intervals4-new_interval4-expected4]" time="0.000" /><testcase classname="leetcode.insert-interval.test_insert_interval" name="test_insert[intervals5-new_interval5-expected5]" time="0.000" /><testcase classname="leetcode.integer-to-roman.test_integer_to_roman" name="test_intToRoman[1-I]" time="0.000" /><testcase classname="leetcode.integer-to-roman.test_integer_to_roman" name="test_intToRoman[4-IV]" time="0.000" /><testcase classname="leetcode.integer-to-roman.test_integer_to_roman" name="test_intToRoman[9-IX]" time="0.000" /><testcase classname="leetcode.integer-to-roman.test_integer_to_roman" name="test_intToRoman[58-LVIII]" time="0.000" /><testcase classname="leetcode.integer-to-roman.test_integer_to_roman" name="test_intToRoman[1994-MCMXCIV]" time="0.000" /><testcase classname="leetcode.interleaving-string.test_nterleaving_string" name="test_isInterleave[aabcc-dbbca-aadbbcbcac-True]" time="0.000" /><testcase classname="leetcode.interleaving-string.test_nterleaving_string" name="test_isInterleave[aabcc-dbbca-aadbbbaccc-False]" time="0.000" /><testcase classname="leetcode.interleaving-string.test_nterleaving_string" name="test_isInterleave[---True]" time="0.000" /><testcase classname="leetcode.interleaving-string.test_nterleaving_string" name="test_isInterleave[abc--abc-True]" time="0.000" /><testcase classname="leetcode.interleaving-string.test_nterleaving_string" name="test_isInterleave[-abc-abc-True]" time="0.000" /><testcase classname="leetcode.interleaving-string.test_nterleaving_string" name="test_isInterleave[abc-def-abcdef-True]" time="0.000" /><testcase classname="leetcode.interleaving-string.test_nterleaving_string" name="test_isInterleave[abc-def-fedcba-False]" time="0.000" /><testcase classname="leetcode.jump-game.test_jump_game" name="test_canJump[nums0-True]" time="0.000" /><testcase classname="leetcode.jump-game.test_jump_game" name="test_canJump[nums1-False]" time="0.000" /><testcase classname="leetcode.jump-game.test_jump_game" name="test_canJump[nums2-True]" time="0.000" /><testcase classname="leetcode.jump-game.test_jump_game" name="test_canJump[nums3-True]" time="0.000" /><testcase classname="leetcode.jump-game.test_jump_game" name="test_canJump[nums4-True]" time="0.000" /><testcase classname="leetcode.jump-game.test_jump_game" name="test_canJump[nums5-False]" time="0.000" /><testcase classname="leetcode.jump-game.test_jump_game" name="test_canJump[nums6-False]" time="0.000" /><testcase classname="leetcode.jump-game.test_jump_game" name="test_canJump[nums7-True]" time="0.000" /><testcase classname="leetcode.jump-game.test_jump_game" name="test_canJump[nums8-False]" time="0.000" /><testcase classname="leetcode.jump-game.test_jump_game" name="test_canJump[nums9-True]" time="0.000" /><testcase classname="leetcode.jump-game-ii.test_jump_game_ii" name="test_jump[nums0-2]" time="0.000" /><testcase classname="leetcode.jump-game-ii.test_jump_game_ii" name="test_jump[nums1-2]" time="0.000" /><testcase classname="leetcode.jump-game-ii.test_jump_game_ii" name="test_jump[nums2-2]" time="0.000" /><testcase classname="leetcode.jump-game-ii.test_jump_game_ii" name="test_jump[nums3-2]" time="0.000" /><testcase classname="leetcode.jump-game-ii.test_jump_game_ii" name="test_jump[nums4-0]" time="0.000" /><testcase classname="leetcode.jump-game-ii.test_jump_game_ii" name="test_jump[nums5-1]" time="0.000" /><testcase classname="leetcode.jump-game-ii.test_jump_game_ii" name="test_jump[nums6-1]" time="0.000" /><testcase classname="leetcode.jump-game-ii.test_jump_game_ii" name="test_jump[nums7--1]" time="0.000" /><testcase classname="leetcode.jump-game-ii.test_jump_game_ii" name="test_jump[nums8-4]" time="0.000" /><testcase classname="leetcode.largest-rectangle-in-histogram.test_largest_rectangle_in_histogram" name="test_largestRectangleArea[heights0-9]" time="0.000" /><testcase classname="leetcode.largest-rectangle-in-histogram.test_largest_rectangle_in_histogram" name="test_largestRectangleArea[heights1-9]" time="0.000" /><testcase classname="leetcode.largest-rectangle-in-histogram.test_largest_rectangle_in_histogram" name="test_largestRectangleArea[heights2-10]" time="0.000" /><testcase classname="leetcode.largest-rectangle-in-histogram.test_largest_rectangle_in_histogram" name="test_largestRectangleArea[heights3-15]" time="0.000" /><testcase classname="leetcode.largest-rectangle-in-histogram.test_largest_rectangle_in_histogram" name="test_largestRectangleArea[heights4-0]" time="0.000" /><testcase classname="leetcode.length-of-last-word.test_length_of_last_word" name="test_lengthOfLastWord[Hello World-5]" time="0.000" /><testcase classname="leetcode.length-of-last-word.test_length_of_last_word" name="test_lengthOfLastWord[   Hello   World   -5]" time="0.000" /><testcase classname="leetcode.length-of-last-word.test_length_of_last_word" name="test_lengthOfLastWord[   Hello-5]" time="0.000" /><testcase classname="leetcode.length-of-last-word.test_length_of_last_word" name="test_lengthOfLastWord[Hello-5]" time="0.000" /><testcase classname="leetcode.length-of-last-word.test_length_of_last_word" name="test_lengthOfLastWord[-0]" time="0.000" /><testcase classname="leetcode.length-of-last-word.test_length_of_last_word" name="test_lengthOfLastWord[   -0]" time="0.001" /><testcase classname="leetcode.length-of-last-word.test_length_of_last_word" name="test_lengthOfLastWord[Word-4]" time="0.000" /><testcase classname="leetcode.length-of-last-word.test_length_of_last_word" name="test_lengthOfLastWord[Spaces Before and After  -5]" time="0.000" /><testcase classname="leetcode.length-of-last-word.test_length_of_last_word" name="test_lengthOfLastWord[One-3]" time="0.000" /><testcase classname="leetcode.length-of-last-word.test_length_of_last_word" name="test_lengthOfLastWord[  One   -3]" time="0.000" /><testcase classname="leetcode.length-of-last-word.test_length_of_last_word" name="test_lengthOfLastWord[  One  Two   -3]" time="0.000" /><testcase classname="leetcode.length-of-last-word.test_length_of_last_word" name="test_lengthOfLastWord[   One Two Three   -5]" time="0.000" /><testcase classname="leetcode.length-of-last-word.test_length_of_last_word" name="test_lengthOfLastWord[  -0]" time="0.000" /><testcase classname="leetcode.letter-combinations-of-a-phone-number.test_letter_combinations_of_a_phone_number" name="test_letterCombinations[23-expected0]" time="0.000" /><testcase classname="leetcode.letter-combinations-of-a-phone-number.test_letter_combinations_of_a_phone_number" name="test_letterCombinations[-expected1]" time="0.000" /><testcase classname="leetcode.letter-combinations-of-a-phone-number.test_letter_combinations_of_a_phone_number" name="test_letterCombinations[2-expected2]" time="0.000" /><testcase classname="leetcode.letter-combinations-of-a-phone-number.test_letter_combinations_of_a_phone_number" name="test_letterCombinations[7-expected3]" time="0.000" /><testcase classname="leetcode.letter-combinations-of-a-phone-number.test_letter_combinations_of_a_phone_number" name="test_letterCombinations[9-expected4]" time="0.000" /><testcase classname="leetcode.letter-combinations-of-a-phone-number.test_letter_combinations_of_a_phone_number" name="test_letterCombinations[234-expected5]" time="0.000" /><testcase classname="leetcode.longest-common-prefix.test_longest_common_prefix" name="test_longestCommonPrefix[input_strs0-fl]" time="0.000" /><testcase classname="leetcode.longest-common-prefix.test_longest_common_prefix" name="test_longestCommonPrefix[input_strs1-]" time="0.000" /><testcase classname="leetcode.longest-common-prefix.test_longest_common_prefix" name="test_longestCommonPrefix[input_strs2-ap]" time="0.000" /><testcase classname="leetcode.longest-common-prefix.test_longest_common_prefix" name="test_longestCommonPrefix[input_strs3-abc]" time="0.000" /><testcase classname="leetcode.longest-common-prefix.test_longest_common_prefix" name="test_longestCommonPrefix[input_strs4-]" time="0.000" /><testcase classname="leetcode.longest-palindromic-substring.test_longest_palindromic_substring.TestSolution" name="test_longestPalindrome[babad-bab]" time="0.000" /><testcase classname="leetcode.longest-palindromic-substring.test_longest_palindromic_substring.TestSolution" name="test_longestPalindrome[ac-a]" time="0.000" /><testcase classname="leetcode.longest-palindromic-substring.test_longest_palindromic_substring.TestSolution" name="test_longestPalindrome[cbbd-bb]" time="0.000" /><testcase classname="leetcode.longest-palindromic-substring.test_longest_palindromic_substring.TestSolution" name="test_longestPalindrome[a-a]" time="0.000" /><testcase classname="leetcode.longest-palindromic-substring.test_longest_palindromic_substring.TestSolution" name="test_longestPalindrome[abcda-a]" time="0.000" /><testcase classname="leetcode.longest-palindromic-substring.test_longest_palindromic_substring.TestSolution" name="test_longestPalindrome[abcdefedcba-abcdefedcba]" time="0.000" /><testcase classname="leetcode.longest-substring-without-repeating-characters.test_longest_substring_without_repeating_characters.TestSolution" name="test_lengthOfLongestSubstring[abcabcbb-3]" time="0.000" /><testcase classname="leetcode.longest-substring-without-repeating-characters.test_longest_substring_without_repeating_characters.TestSolution" name="test_lengthOfLongestSubstring[bbbbb-1]" time="0.000" /><testcase classname="leetcode.longest-substring-without-repeating-characters.test_longest_substring_without_repeating_characters.TestSolution" name="test_lengthOfLongestSubstring[pwwkew-3]" time="0.000" /><testcase classname="leetcode.longest-substring-without-repeating-characters.test_longest_substring_without_repeating_characters.TestSolution" name="test_lengthOfLongestSubstring[-0]" time="0.000" /><testcase classname="leetcode.longest-substring-without-repeating-characters.test_longest_substring_without_repeating_characters.TestSolution" name="test_lengthOfLongestSubstring[abcdefg-7]" time="0.000" /><testcase classname="leetcode.longest-substring-without-repeating-characters.test_longest_substring_without_repeating_characters.TestSolution" name="test_lengthOfLongestSubstring[aab-2]" time="0.000" /><testcase classname="leetcode.longest-substring-without-repeating-characters.test_longest_substring_without_repeating_characters.TestSolution" name="test_lengthOfLongestSubstring[dvdf-3]" time="0.000" /><testcase classname="leetcode.longest-valid-parentheses.test_longest_valid_parentheses" name="test_longestValidParentheses[(()-2]" time="0.000" /><testcase classname="leetcode.longest-valid-parentheses.test_longest_valid_parentheses" name="test_longestValidParentheses[)()())-4]" time="0.000" /><testcase classname="leetcode.longest-valid-parentheses.test_longest_valid_parentheses" name="test_longestValidParentheses[-0]" time="0.000" /><testcase classname="leetcode.longest-valid-parentheses.test_longest_valid_parentheses" name="test_longestValidParentheses[()(()-2]" time="0.000" /><testcase classname="leetcode.longest-valid-parentheses.test_longest_valid_parentheses" name="test_longestValidParentheses[()(()))-6]" time="0.000" /><testcase classname="leetcode.longest-valid-parentheses.test_longest_valid_parentheses" name="test_longestValidParentheses[((())-4]" time="0.000" /><testcase classname="leetcode.longest-valid-parentheses.test_longest_valid_parentheses" name="test_longestValidParentheses[)(((((()())()()))()(()))(-22]" time="0.000" /><testcase classname="leetcode.longest-valid-parentheses.test_longest_valid_parentheses" name="test_longestValidParentheses[(((((((-0]" time="0.000" /><testcase classname="leetcode.longest-valid-parentheses.test_longest_valid_parentheses" name="test_longestValidParentheses[)()())()()(-4]" time="0.000" /><testcase classname="leetcode.maximal-rectangle.test_maximal_rectangle" name="test_maximalRectangle[matrix0-6]" time="0.000" /><testcase classname="leetcode.maximal-rectangle.test_maximal_rectangle" name="test_maximalRectangle[matrix1-0]" time="0.000" /><testcase classname="leetcode.maximal-rectangle.test_maximal_rectangle" name="test_maximalRectangle[matrix2-0]" time="0.000" /><testcase classname="leetcode.maximal-rectangle.test_maximal_rectangle" name="test_maximalRectangle[matrix3-1]" time="0.000" /><testcase classname="leetcode.maximal-rectangle.test_maximal_rectangle" name="test_maximalRectangle[matrix4-1]" time="0.000" /><testcase classname="leetcode.maximum-subarray.test_maximum_subarray" name="test_maxSubArray[nums0-6]" time="0.000" /><testcase classname="leetcode.maximum-subarray.test_maximum_subarray" name="test_maxSubArray[nums1-1]" time="0.000" /><testcase classname="leetcode.maximum-subarray.test_maximum_subarray" name="test_maxSubArray[nums2-23]" time="0.000" /><testcase classname="leetcode.maximum-subarray.test_maximum_subarray" name="test_maxSubArray[nums3--1]" time="0.000" /><testcase classname="leetcode.maximum-subarray.test_maximum_subarray" name="test_maxSubArray[nums4-0]" time="0.000" /><testcase classname="leetcode.maximum-subarray.test_maximum_subarray" name="test_maxSubArray[nums5--1]" time="0.000" /><testcase classname="leetcode.maximum-subarray.test_maximum_subarray" name="test_maxSubArray[nums6-20]" time="0.000" /><testcase classname="leetcode.maximum-subarray.test_maximum_subarray" name="test_maxSubArray[nums7-0]" time="0.000" /><testcase classname="leetcode.median-of-two-sorted-arrays.test_median_of_two_sorted_arrays" name="test_findMedianSortedArrays[a0-b0-2.5]" time="0.000" /><testcase classname="leetcode.median-of-two-sorted-arrays.test_median_of_two_sorted_arrays" name="test_findMedianSortedArrays[a1-b1-0.0]" time="0.000" /><testcase classname="leetcode.median-of-two-sorted-arrays.test_median_of_two_sorted_arrays" name="test_findMedianSortedArrays[a2-b2-1.0]" time="0.000" /><testcase classname="leetcode.median-of-two-sorted-arrays.test_median_of_two_sorted_arrays" name="test_findMedianSortedArrays[a3-b3-2.0]" time="0.000" /><testcase classname="leetcode.median-of-two-sorted-arrays.test_median_of_two_sorted_arrays" name="test_findMedianSortedArrays[a4-b4-2.0]" time="0.000" /><testcase classname="leetcode.median-of-two-sorted-arrays.test_median_of_two_sorted_arrays" name="test_findMedianSortedArrays[a5-b5-6.5]" time="0.000" /><testcase classname="leetcode.merge-intervals.test_merge_intervals" name="test_merge[intervals0-expected0]" time="0.000" /><testcase classname="leetcode.merge-intervals.test_merge_intervals" name="test_merge[intervals1-expected1]" time="0.000" /><testcase classname="leetcode.merge-intervals.test_merge_intervals" name="test_merge[intervals2-expected2]" time="0.000" /><testcase classname="leetcode.merge-intervals.test_merge_intervals" name="test_merge[intervals3-expected3]" time="0.000" /><testcase classname="leetcode.merge-intervals.test_merge_intervals" name="test_merge[intervals4-expected4]" time="0.000" /><testcase classname="leetcode.merge-intervals.test_merge_intervals" name="test_merge[intervals5-expected5]" time="0.000" /><testcase classname="leetcode.merge-intervals.test_merge_intervals" name="test_merge[intervals6-expected6]" time="0.000" /><testcase classname="leetcode.merge-k-sorted-lists.test_merge_k_sorted_lists" name="test_mergeKLists[lists0-expected0]" time="0.000" /><testcase classname="leetcode.merge-sorted-array.test_merge_sorted_array" name="test_merge[nums10-3-nums20-3-expected_result0]" time="0.000" /><testcase classname="leetcode.merge-sorted-array.test_merge_sorted_array" name="test_merge[nums11-3-nums21-3-expected_result1]" time="0.000" /><testcase classname="leetcode.merge-sorted-array.test_merge_sorted_array" name="test_merge[nums12-3-nums22-0-expected_result2]" time="0.000" /><testcase classname="leetcode.merge-sorted-array.test_merge_sorted_array" name="test_merge[nums13-0-nums23-0-expected_result3]" time="0.000" /><testcase classname="leetcode.merge-two-sorted-lists.test_merge_two_sorted_lists" name="test_mergeTwoLists[list10-list20-expected_list0]" time="0.000" /><testcase classname="leetcode.merge-two-sorted-lists.test_merge_two_sorted_lists" name="test_mergeTwoLists[list11-list21-expected_list1]" time="0.000" /><testcase classname="leetcode.merge-two-sorted-lists.test_merge_two_sorted_lists" name="test_mergeTwoLists[list12-list22-expected_list2]" time="0.000" /><testcase classname="leetcode.merge-two-sorted-lists.test_merge_two_sorted_lists" name="test_mergeTwoLists[list13-list23-expected_list3]" time="0.000" /><testcase classname="leetcode.minimum-path-sum.test_minimum_path_sum" name="test_minPathSum[grid0-7]" time="0.000" /><testcase classname="leetcode.minimum-path-sum.test_minimum_path_sum" name="test_minPathSum[grid1-12]" time="0.000" /><testcase classname="leetcode.minimum-path-sum.test_minimum_path_sum" name="test_minPathSum[grid2-6]" time="0.000" /><testcase classname="leetcode.minimum-path-sum.test_minimum_path_sum" name="test_minPathSum[grid3-1]" time="0.000" /><testcase classname="leetcode.minimum-window-substring.test_minimum_window_substring" name="test_minWindow[ADOBECODEBANC-ABC-BANC]" time="0.000" /><testcase classname="leetcode.minimum-window-substring.test_minimum_window_substring" name="test_minWindow[a-a-a]" time="0.000" /><testcase classname="leetcode.minimum-window-substring.test_minimum_window_substring" name="test_minWindow[aa-aa-aa]" time="0.000" /><testcase classname="leetcode.minimum-window-substring.test_minimum_window_substring" name="test_minWindow[a-aa-]" time="0.000" /><testcase classname="leetcode.minimum-window-substring.test_minimum_window_substring" name="test_minWindow[cabwefgewcwaefgcf-cae-cwae]" time="0.000" /><testcase classname="leetcode.multiply-strings.test_multiply_strings" name="test_multiply[2-3-6]" time="0.000" /><testcase classname="leetcode.multiply-strings.test_multiply_strings" name="test_multiply[123-456-56088]" time="0.000" /><testcase classname="leetcode.multiply-strings.test_multiply_strings" name="test_multiply[999-999-998001]" time="0.000" /><testcase classname="leetcode.n-queens.test_n_queens" name="test_solveNQueens[4-expected0]" time="0.000" /><testcase classname="leetcode.n-queens.test_n_queens" name="test_solveNQueens[1-expected1]" time="0.000" /><testcase classname="leetcode.n-queens.test_n_queens" name="test_solveNQueens[2-expected2]" time="0.000" /><testcase classname="leetcode.n-queens-ii.test_n_queens_ii" name="test_totalNQueens[4-2]" time="0.000" /><testcase classname="leetcode.n-queens-ii.test_n_queens_ii" name="test_totalNQueens[1-1]" time="0.000" /><testcase classname="leetcode.n-queens-ii.test_n_queens_ii" name="test_totalNQueens[2-0]" time="0.000" /><testcase classname="leetcode.n-queens-ii.test_n_queens_ii" name="test_totalNQueens[8-92]" time="0.009" /><testcase classname="leetcode.next-permutation.test_next_permutation" name="test_nextPermutation[nums0-expected_result0]" time="0.000" /><testcase classname="leetcode.next-permutation.test_next_permutation" name="test_nextPermutation[nums1-expected_result1]" time="0.000" /><testcase classname="leetcode.next-permutation.test_next_permutation" name="test_nextPermutation[nums2-expected_result2]" time="0.000" /><testcase classname="leetcode.next-permutation.test_next_permutation" name="test_nextPermutation[nums3-expected_result3]" time="0.000" /><testcase classname="leetcode.next-permutation.test_next_permutation" name="test_nextPermutation[nums4-expected_result4]" time="0.000" /><testcase classname="leetcode.next-permutation.test_next_permutation" name="test_nextPermutation[nums5-expected_result5]" time="0.000" /><testcase classname="leetcode.next-permutation.test_next_permutation" name="test_nextPermutation[nums6-expected_result6]" time="0.000" /><testcase classname="leetcode.next-permutation.test_next_permutation" name="test_nextPermutation[nums7-expected_result7]" time="0.000" /><testcase classname="leetcode.palindrome-number.test_palindrome_number" name="test_isPalindrome[121-True]" time="0.000" /><testcase classname="leetcode.palindrome-number.test_palindrome_number" name="test_isPalindrome[-121-False]" time="0.000" /><testcase classname="leetcode.palindrome-number.test_palindrome_number" name="test_isPalindrome[10-False]" time="0.000" /><testcase classname="leetcode.palindrome-number.test_palindrome_number" name="test_isPalindrome[0-True]" time="0.000" /><testcase classname="leetcode.palindrome-number.test_palindrome_number" name="test_isPalindrome[12321-True]" time="0.000" /><testcase classname="leetcode.palindrome-number.test_palindrome_number" name="test_isPalindrome[123456-False]" time="0.000" /><testcase classname="leetcode.partition-list.test_partition_list" name="test_partition[input_list0-3-expected_result_list0]" time="0.000" /><testcase classname="leetcode.partition-list.test_partition_list" name="test_partition[input_list1-6-expected_result_list1]" time="0.000" /><testcase classname="leetcode.partition-list.test_partition_list" name="test_partition[input_list2-0-expected_result_list2]" time="0.000" /><testcase classname="leetcode.partition-list.test_partition_list" name="test_partition[input_list3-1-expected_result_list3]" time="0.000" /><testcase classname="leetcode.partition-list.test_partition_list" name="test_partition[input_list4-0-expected_result_list4]" time="0.000" /><testcase classname="leetcode.permutation-sequence.test_permutation_sequence" name="test_getPermutation[3-3-213]" time="0.000" /><testcase classname="leetcode.permutation-sequence.test_permutation_sequence" name="test_getPermutation[4-9-2314]" time="0.000" /><testcase classname="leetcode.permutation-sequence.test_permutation_sequence" name="test_getPermutation[1-1-1]" time="0.000" /><testcase classname="leetcode.permutation-sequence.test_permutation_sequence" name="test_getPermutation[2-2-21]" time="0.000" /><testcase classname="leetcode.permutation-sequence.test_permutation_sequence" name="test_getPermutation[3-5-312]" time="0.000" /><testcase classname="leetcode.permutations-i.test_permutations_i" name="test_permute[nums0-expected0]" time="0.000" /><testcase classname="leetcode.permutations-i.test_permutations_i" name="test_permute[nums1-expected1]" time="0.000" /><testcase classname="leetcode.permutations-i.test_permutations_i" name="test_permute[nums2-expected2]" time="0.000" /><testcase classname="leetcode.permutations-i.test_permutations_i" name="test_permute[nums3-expected3]" time="0.000" /><testcase classname="leetcode.permutations-ii.test_permutations_ii" name="test_permuteUnique[nums0-expected0]" time="0.000" /><testcase classname="leetcode.permutations-ii.test_permutations_ii" name="test_permuteUnique[nums1-expected1]" time="0.000" /><testcase classname="leetcode.permutations-ii.test_permutations_ii" name="test_permuteUnique[nums2-expected2]" time="0.000" /><testcase classname="leetcode.plus-one.test_plus_one" name="test_plusOne[digits0-expected0]" time="0.000" /><testcase classname="leetcode.plus-one.test_plus_one" name="test_plusOne[digits1-expected1]" time="0.000" /><testcase classname="leetcode.plus-one.test_plus_one" name="test_plusOne[digits2-expected2]" time="0.000" /><testcase classname="leetcode.plus-one.test_plus_one" name="test_plusOne[digits3-expected3]" time="0.000" /><testcase classname="leetcode.plus-one.test_plus_one" name="test_plusOne[digits4-expected4]" time="0.000" /><testcase classname="leetcode.plus-one.test_plus_one" name="test_plusOne[digits5-expected5]" time="0.000" /><testcase classname="leetcode.powx-n.test_powx_n" name="test_myPow[2.0-10-1024.0]" time="0.000" /><testcase classname="leetcode.powx-n.test_powx_n" name="test_myPow[2.0--2-0.25]" time="0.000" /><testcase classname="leetcode.powx-n.test_powx_n" name="test_myPow[1e-05-2147483647-0.0]" time="0.000" /><testcase classname="leetcode.powx-n.test_powx_n" name="test_myPow[2.0-0-1.0]" time="0.000" /><testcase classname="leetcode.powx-n.test_powx_n" name="test_myPow[1.0-1000000-1.0]" time="0.000" /><testcase classname="leetcode.powx-n.test_powx_n" name="test_myPow[-2.0-10-1024.0]" time="0.000" /><testcase classname="leetcode.powx-n.test_powx_n" name="test_myPow[-2.0-9--512.0]" time="0.000" /><testcase classname="leetcode.recover-binary-search-tree.test_recover_binary_search_tree" name="test_recoverTree[input_tree0-expected_output_tree0]" time="0.000" /><testcase classname="leetcode.recover-binary-search-tree.test_recover_binary_search_tree" name="test_recoverTree[input_tree1-expected_output_tree1]" time="0.000" /><testcase classname="leetcode.regular-expression-matching.test_regular_expression_matching" name="test_isMatch[aa-a-False]" time="0.000" /><testcase classname="leetcode.regular-expression-matching.test_regular_expression_matching" name="test_isMatch[aa-a*-True]" time="0.000" /><testcase classname="leetcode.regular-expression-matching.test_regular_expression_matching" name="test_isMatch[ab-.*-True]" time="0.000" /><testcase classname="leetcode.regular-expression-matching.test_regular_expression_matching" name="test_isMatch[aab-c*a*b-True]" time="0.000" /><testcase classname="leetcode.regular-expression-matching.test_regular_expression_matching" name="test_isMatch[mississippi-mis*is*p*.-False]" time="0.000" /><testcase classname="leetcode.remove-duplicates-from-sorted-array.test_remove_duplicates_from_sorted_array" name="test_removeDuplicates[nums0-0-expected_nums0]" time="0.000" /><testcase classname="leetcode.remove-duplicates-from-sorted-array.test_remove_duplicates_from_sorted_array" name="test_removeDuplicates[nums1-2-expected_nums1]" time="0.000" /><testcase classname="leetcode.remove-duplicates-from-sorted-array.test_remove_duplicates_from_sorted_array" name="test_removeDuplicates[nums2-5-expected_nums2]" time="0.000" /><testcase classname="leetcode.remove-duplicates-from-sorted-array.test_remove_duplicates_from_sorted_array" name="test_removeDuplicates[nums3-3-expected_nums3]" time="0.000" /><testcase classname="leetcode.remove-duplicates-from-sorted-array.test_remove_duplicates_from_sorted_array" name="test_removeDuplicates[nums4-1-expected_nums4]" time="0.000" /><testcase classname="leetcode.remove-duplicates-from-sorted-array.test_remove_duplicates_from_sorted_array" name="test_removeDuplicates[nums5-5-expected_nums5]" time="0.000" /><testcase classname="leetcode.remove-duplicates-from-sorted-array-ii.test_remove_duplicates_from_sorted_array_ii" name="test_removeDuplicates[input_nums0-5-expected_result0]" time="0.000" /><testcase classname="leetcode.remove-duplicates-from-sorted-array-ii.test_remove_duplicates_from_sorted_array_ii" name="test_removeDuplicates[input_nums1-7-expected_result1]" time="0.000" /><testcase classname="leetcode.remove-duplicates-from-sorted-array-ii.test_remove_duplicates_from_sorted_array_ii" name="test_removeDuplicates[input_nums2-5-expected_result2]" time="0.000" /><testcase classname="leetcode.remove-duplicates-from-sorted-array-ii.test_remove_duplicates_from_sorted_array_ii" name="test_removeDuplicates[input_nums3-5-expected_result3]" time="0.000" /><testcase classname="leetcode.remove-duplicates-from-sorted-array-ii.test_remove_duplicates_from_sorted_array_ii" name="test_removeDuplicates[input_nums4-0-expected_result4]" time="0.000" /><testcase classname="leetcode.remove-duplicates-from-sorted-list.test_remove_duplicates_from_sorted_list" name="test_deleteDuplicates[input_list0-expected_result_list0]" time="0.000" /><testcase classname="leetcode.remove-duplicates-from-sorted-list.test_remove_duplicates_from_sorted_list" name="test_deleteDuplicates[input_list1-expected_result_list1]" time="0.000" /><testcase classname="leetcode.remove-duplicates-from-sorted-list.test_remove_duplicates_from_sorted_list" name="test_deleteDuplicates[input_list2-expected_result_list2]" time="0.000" /><testcase classname="leetcode.remove-duplicates-from-sorted-list-ii.test_remove_duplicates_from_sorted_list_ii" name="test_deleteDuplicates[input_list0-expected_result_list0]" time="0.000" /><testcase classname="leetcode.remove-duplicates-from-sorted-list-ii.test_remove_duplicates_from_sorted_list_ii" name="test_deleteDuplicates[input_list1-expected_result_list1]" time="0.000" /><testcase classname="leetcode.remove-duplicates-from-sorted-list-ii.test_remove_duplicates_from_sorted_list_ii" name="test_deleteDuplicates[input_list2-expected_result_list2]" time="0.000" /><testcase classname="leetcode.remove-duplicates-from-sorted-list-ii.test_remove_duplicates_from_sorted_list_ii" name="test_deleteDuplicates[input_list3-expected_result_list3]" time="0.000" /><testcase classname="leetcode.remove-element.test_remove_element" name="test_removeElement[nums0-1-0-expected_nums0]" time="0.000" /><testcase classname="leetcode.remove-element.test_remove_element" name="test_removeElement[nums1-5-4-expected_nums1]" time="0.000" /><testcase classname="leetcode.remove-element.test_remove_element" name="test_removeElement[nums2-3-2-expected_nums2]" time="0.000" /><testcase classname="leetcode.remove-element.test_remove_element" name="test_removeElement[nums3-2-5-expected_nums3]" time="0.000" /><testcase classname="leetcode.remove-element.test_remove_element" name="test_removeElement[nums4-1-0-expected_nums4]" time="0.000" /><testcase classname="leetcode.remove-element.test_remove_element" name="test_removeElement[nums5-7-0-expected_nums5]" time="0.000" /><testcase classname="leetcode.remove-nth-node-from-end-of-list.test_remove_nth_node_from_end_of_list" name="test_removeNthFromEnd[input_list0-2-expected_list0]" time="0.000" /><testcase classname="leetcode.remove-nth-node-from-end-of-list.test_remove_nth_node_from_end_of_list" name="test_removeNthFromEnd[input_list1-1-expected_list1]" time="0.000" /><testcase classname="leetcode.remove-nth-node-from-end-of-list.test_remove_nth_node_from_end_of_list" name="test_removeNthFromEnd[input_list2-2-expected_list2]" time="0.000" /><testcase classname="leetcode.remove-nth-node-from-end-of-list.test_remove_nth_node_from_end_of_list" name="test_removeNthFromEnd[input_list3-1-expected_list3]" time="0.000" /><testcase classname="leetcode.remove-nth-node-from-end-of-list.test_remove_nth_node_from_end_of_list" name="test_removeNthFromEnd[input_list4-1-expected_list4]" time="0.000" /><testcase classname="leetcode.restore-ip-addresses.test_restore_ip_addresses" name="test_restoreIpAddresses[25525511135-expected_result0]" time="0.001" /><testcase classname="leetcode.restore-ip-addresses.test_restore_ip_addresses" name="test_restoreIpAddresses[0000-expected_result1]" time="0.000" /><testcase classname="leetcode.restore-ip-addresses.test_restore_ip_addresses" name="test_restoreIpAddresses[1111-expected_result2]" time="0.000" /><testcase classname="leetcode.restore-ip-addresses.test_restore_ip_addresses" name="test_restoreIpAddresses[010010-expected_result3]" time="0.000" /><testcase classname="leetcode.restore-ip-addresses.test_restore_ip_addresses" name="test_restoreIpAddresses[101023-expected_result4]" time="0.000" /><testcase classname="leetcode.reverse-integer.test_reverse_integer" name="test_reverse[123-321]" time="0.000" /><testcase classname="leetcode.reverse-integer.test_reverse_integer" name="test_reverse[-123--321]" time="0.000" /><testcase classname="leetcode.reverse-integer.test_reverse_integer" name="test_reverse[120-21]" time="0.000" /><testcase classname="leetcode.reverse-integer.test_reverse_integer" name="test_reverse[0-0]" time="0.000" /><testcase classname="leetcode.reverse-integer.test_reverse_integer" name="test_reverse[1534236469-0]" time="0.000" /><testcase classname="leetcode.reverse-linked-list-ii.test_reverse_linked_list_ii" name="test_reverseBetween[head0-1-5-expected_result0]" time="0.000" /><testcase classname="leetcode.reverse-linked-list-ii.test_reverse_linked_list_ii" name="test_reverseBetween[head1-2-4-expected_result1]" time="0.000" /><testcase classname="leetcode.reverse-linked-list-ii.test_reverse_linked_list_ii" name="test_reverseBetween[head2-1-1-expected_result2]" time="0.000" /><testcase classname="leetcode.reverse-linked-list-ii.test_reverse_linked_list_ii" name="test_reverseBetween[head3-1-1-expected_result3]" time="0.000" /><testcase classname="leetcode.reverse-linked-list-ii.test_reverse_linked_list_ii" name="test_reverseBetween[head4-2-2-expected_result4]" time="0.000" /><testcase classname="leetcode.reverse-nodes-in-k-group.test_reverse_nodes_in_k_group" name="test_reverseKGroup[None-2-None]" time="0.000" /><testcase classname="leetcode.reverse-nodes-in-k-group.test_reverse_nodes_in_k_group" name="test_reverseKGroup[head1-2-expected1]" time="0.000" /><testcase classname="leetcode.reverse-nodes-in-k-group.test_reverse_nodes_in_k_group" name="test_reverseKGroup[head2-2-expected2]" time="0.000" /><testcase classname="leetcode.reverse-nodes-in-k-group.test_reverse_nodes_in_k_group" name="test_reverseKGroup[head3-2-expected3]" time="0.000" /><testcase classname="leetcode.reverse-nodes-in-k-group.test_reverse_nodes_in_k_group" name="test_reverseKGroup[head4-3-expected4]" time="0.000" /><testcase classname="leetcode.roman-to-integer.test_roman_to_integer" name="test_roman_to_int[III-3]" time="0.000" /><testcase classname="leetcode.roman-to-integer.test_roman_to_integer" name="test_roman_to_int[LVIII-58]" time="0.000" /><testcase classname="leetcode.roman-to-integer.test_roman_to_integer" name="test_roman_to_int[I-1]" time="0.000" /><testcase classname="leetcode.roman-to-integer.test_roman_to_integer" name="test_roman_to_int[IX-9]" time="0.000" /><testcase classname="leetcode.roman-to-integer.test_roman_to_integer" name="test_roman_to_int[CDXLIV-444]" time="0.000" /><testcase classname="leetcode.rotate-image.test_rotate_image" name="test_rotate[matrix0-expected0]" time="0.000" /><testcase classname="leetcode.rotate-image.test_rotate_image" name="test_rotate[matrix1-expected1]" time="0.000" /><testcase classname="leetcode.rotate-image.test_rotate_image" name="test_rotate[matrix2-expected2]" time="0.000" /><testcase classname="leetcode.rotate-image.test_rotate_image" name="test_rotate[matrix3-expected3]" time="0.000" /><testcase classname="leetcode.rotate-list.test_rotate_list" name="test_rotateRight[head0-2-expected0]" time="0.000" /><testcase classname="leetcode.rotate-list.test_rotate_list" name="test_rotateRight[head1-4-expected1]" time="0.000" /><testcase classname="leetcode.rotate-list.test_rotate_list" name="test_rotateRight[None-0-expected2]" time="0.000" /><testcase classname="leetcode.rotate-list.test_rotate_list" name="test_rotateRight[head3-0-expected3]" time="0.000" /><testcase classname="leetcode.rotate-list.test_rotate_list" name="test_rotateRight[head4-3-expected4]" time="0.000" /><testcase classname="leetcode.rotate-list.test_rotate_list" name="test_rotateRight[head5-6-expected5]" time="0.000" /><testcase classname="leetcode.rotate-list.test_rotate_list" name="test_rotateRight[head6-99-expected6]" time="0.000" /><testcase classname="leetcode.same-tree.test_same_tree" name="test_isSameTree[tree10-tree20-True]" time="0.000" /><testcase classname="leetcode.same-tree.test_same_tree" name="test_isSameTree[tree11-tree21-False]" time="0.000" /><testcase classname="leetcode.same-tree.test_same_tree" name="test_isSameTree[tree12-tree22-False]" time="0.000" /><testcase classname="leetcode.scramble-string.test_scramble_string" name="test_isScramble[great-rgeat-True]" time="0.000" /><testcase classname="leetcode.scramble-string.test_scramble_string" name="test_isScramble[abcde-caebd-False]" time="0.000" /><testcase classname="leetcode.scramble-string.test_scramble_string" name="test_isScramble[a-a-True]" time="0.000" /><testcase classname="leetcode.scramble-string.test_scramble_string" name="test_isScramble[a-b-False]" time="0.000" /><testcase classname="leetcode.scramble-string.test_scramble_string" name="test_isScramble[abb-bab-True]" time="0.000" /><testcase classname="leetcode.scramble-string.test_scramble_string" name="test_isScramble[abb-bba-True]" time="0.000" /><testcase classname="leetcode.scramble-string.test_scramble_string" name="test_isScramble[abc-bca-True]" time="0.000" /><testcase classname="leetcode.scramble-string.test_scramble_string" name="test_isScramble[abcd-abc-False]" time="0.000" /><testcase classname="leetcode.scramble-string.test_scramble_string" name="test_isScramble[abcd-abdc-True]" time="0.000" /><testcase classname="leetcode.search-a-2d-matrix.test_search_a_2d_matrix" name="test_searchMatrix[matrix0-20-False]" time="0.000" /><testcase classname="leetcode.search-a-2d-matrix.test_search_a_2d_matrix" name="test_searchMatrix[matrix1-13-False]" time="0.000" /><testcase classname="leetcode.search-a-2d-matrix.test_search_a_2d_matrix" name="test_searchMatrix[matrix2-1-True]" time="0.000" /><testcase classname="leetcode.search-a-2d-matrix.test_search_a_2d_matrix" name="test_searchMatrix[matrix3-2-False]" time="0.000" /><testcase classname="leetcode.search-a-2d-matrix.test_search_a_2d_matrix" name="test_searchMatrix[matrix4-4-False]" time="0.000" /><testcase classname="leetcode.search-a-2d-matrix.test_search_a_2d_matrix" name="test_searchMatrix[matrix5-4-False]" time="0.000" /><testcase classname="leetcode.search-in-rotated-sorted-array.test_search_in_rotated_sorted_array" name="test_search[nums0-0-4]" time="0.000" /><testcase classname="leetcode.search-in-rotated-sorted-array.test_search_in_rotated_sorted_array" name="test_search[nums1-3--1]" time="0.000" /><testcase classname="leetcode.search-in-rotated-sorted-array.test_search_in_rotated_sorted_array" name="test_search[nums2-0--1]" time="0.000" /><testcase classname="leetcode.search-in-rotated-sorted-array.test_search_in_rotated_sorted_array" name="test_search[nums3-8-4]" time="0.000" /><testcase classname="leetcode.search-in-rotated-sorted-array.test_search_in_rotated_sorted_array" name="test_search[nums4-1-1]" time="0.000" /><testcase classname="leetcode.search-in-rotated-sorted-array.test_search_in_rotated_sorted_array" name="test_search[nums5-0--1]" time="0.000" /><testcase classname="leetcode.search-in-rotated-sorted-array.test_search_in_rotated_sorted_array" name="test_search[nums6-5-0]" time="0.000" /><testcase classname="leetcode.search-in-rotated-sorted-array.test_search_in_rotated_sorted_array" name="test_search[nums7-1-2]" time="0.000" /><testcase classname="leetcode.search-in-rotated-sorted-array.test_search_in_rotated_sorted_array" name="test_search[nums8-3-7]" time="0.000" /><testcase classname="leetcode.search-in-rotated-sorted-array.test_search_in_rotated_sorted_array" name="test_search[nums9-4-3]" time="0.000" /><testcase classname="leetcode.search-in-rotated-sorted-array.test_search_in_rotated_sorted_array" name="test_search[nums10-1-1]" time="0.000" /><testcase classname="leetcode.search-in-rotated-sorted-array.test_search_in_rotated_sorted_array" name="test_search[nums11-1-4]" time="0.000" /><testcase classname="leetcode.search-in-rotated-sorted-array-ii.test_search_in_rotated_sorted_array_ii" name="test_search[nums0-0-True]" time="0.000" /><testcase classname="leetcode.search-in-rotated-sorted-array-ii.test_search_in_rotated_sorted_array_ii" name="test_search[nums1-3-False]" time="0.000" /><testcase classname="leetcode.search-in-rotated-sorted-array-ii.test_search_in_rotated_sorted_array_ii" name="test_search[nums2-3-True]" time="0.000" /><testcase classname="leetcode.search-in-rotated-sorted-array-ii.test_search_in_rotated_sorted_array_ii" name="test_search[nums3-3-True]" time="0.000" /><testcase classname="leetcode.search-in-rotated-sorted-array-ii.test_search_in_rotated_sorted_array_ii" name="test_search[nums4-4-True]" time="0.000" /><testcase classname="leetcode.search-in-rotated-sorted-array-ii.test_search_in_rotated_sorted_array_ii" name="test_search[nums5-0-False]" time="0.000" /><testcase classname="leetcode.search-in-rotated-sorted-array-ii.test_search_in_rotated_sorted_array_ii" name="test_search[nums6-7-False]" time="0.000" /><testcase classname="leetcode.search-in-rotated-sorted-array-ii.test_search_in_rotated_sorted_array_ii" name="test_search[nums7-5-False]" time="0.000" /><testcase classname="leetcode.search-insert-position.test_search_insert_position" name="test_searchInsert[nums0-5-2]" time="0.000" /><testcase classname="leetcode.search-insert-position.test_search_insert_position" name="test_searchInsert[nums1-2-1]" time="0.000" /><testcase classname="leetcode.search-insert-position.test_search_insert_position" name="test_searchInsert[nums2-7-4]" time="0.000" /><testcase classname="leetcode.search-insert-position.test_search_insert_position" name="test_searchInsert[nums3-0-0]" time="0.000" /><testcase classname="leetcode.search-insert-position.test_search_insert_position" name="test_searchInsert[nums4-7-0]" time="0.000" /><testcase classname="leetcode.search-insert-position.test_search_insert_position" name="test_searchInsert[nums5-0-0]" time="0.000" /><testcase classname="leetcode.search-insert-position.test_search_insert_position" name="test_searchInsert[nums6-2-1]" time="0.000" /><testcase classname="leetcode.search-insert-position.test_search_insert_position" name="test_searchInsert[nums7-4-3]" time="0.000" /><testcase classname="leetcode.search-insert-position.test_search_insert_position" name="test_searchInsert[nums8-3-2]" time="0.000" /><testcase classname="leetcode.search-insert-position.test_search_insert_position" name="test_searchInsert[nums9-7-5]" time="0.000" /><testcase classname="leetcode.search-insert-position.test_search_insert_position" name="test_searchInsert[nums10-4-2]" time="0.000" /><testcase classname="leetcode.set-matrix-zeroes.test_set_matrix_zeroes" name="test_setZeroes[matrix0-expected0]" time="0.000" /><testcase classname="leetcode.set-matrix-zeroes.test_set_matrix_zeroes" name="test_setZeroes[matrix1-expected1]" time="0.000" /><testcase classname="leetcode.set-matrix-zeroes.test_set_matrix_zeroes" name="test_setZeroes[matrix2-expected2]" time="0.000" /><testcase classname="leetcode.set-matrix-zeroes.test_set_matrix_zeroes" name="test_setZeroes[matrix3-expected3]" time="0.000" /><testcase classname="leetcode.set-matrix-zeroes.test_set_matrix_zeroes" name="test_setZeroes[matrix4-expected4]" time="0.000" /><testcase classname="leetcode.set-matrix-zeroes.test_set_matrix_zeroes" name="test_setZeroes[matrix5-expected5]" time="0.000" /><testcase classname="leetcode.set-matrix-zeroes.test_set_matrix_zeroes" name="test_setZeroes[matrix6-expected6]" time="0.000" /><testcase classname="leetcode.simplify-path.test_simplify_path" name="test_simplifyPath[/home/-/home]" time="0.000" /><testcase classname="leetcode.simplify-path.test_simplify_path" name="test_simplifyPath[/../-/]" time="0.000" /><testcase classname="leetcode.simplify-path.test_simplify_path" name="test_simplifyPath[/home//foo/-/home/foo]" time="0.000" /><testcase classname="leetcode.simplify-path.test_simplify_path" name="test_simplifyPath[/a/./b/../../c/-/c]" time="0.000" /><testcase classname="leetcode.simplify-path.test_simplify_path" name="test_simplifyPath[/a//b////c/d//././/..-/a/b/c]" time="0.000" /><testcase classname="leetcode.simplify-path.test_simplify_path" name="test_simplifyPath[/-/]" time="0.000" /><testcase classname="leetcode.simplify-path.test_simplify_path" name="test_simplifyPath[/.-/]" time="0.000" /><testcase classname="leetcode.simplify-path.test_simplify_path" name="test_simplifyPath[/..-/]" time="0.000" /><testcase classname="leetcode.simplify-path.test_simplify_path" name="test_simplifyPath[/../../../../../a-/a]" time="0.000" /><testcase classname="leetcode.sort-colors.test_sort_colors" name="test_sortColors[nums0-expected0]" time="0.000" /><testcase classname="leetcode.sort-colors.test_sort_colors" name="test_sortColors[nums1-expected1]" time="0.000" /><testcase classname="leetcode.sort-colors.test_sort_colors" name="test_sortColors[nums2-expected2]" time="0.000" /><testcase classname="leetcode.sort-colors.test_sort_colors" name="test_sortColors[nums3-expected3]" time="0.000" /><testcase classname="leetcode.sort-colors.test_sort_colors" name="test_sortColors[nums4-expected4]" time="0.000" /><testcase classname="leetcode.sort-colors.test_sort_colors" name="test_sortColors[nums5-expected5]" time="0.000" /><testcase classname="leetcode.spiral-matrix.test_spiral_matrix" name="test_spiralOrder[matrix0-expected0]" time="0.000" /><testcase classname="leetcode.spiral-matrix.test_spiral_matrix" name="test_spiralOrder[matrix1-expected1]" time="0.000" /><testcase classname="leetcode.spiral-matrix.test_spiral_matrix" name="test_spiralOrder[matrix2-expected2]" time="0.000" /><testcase classname="leetcode.spiral-matrix.test_spiral_matrix" name="test_spiralOrder[matrix3-expected3]" time="0.000" /><testcase classname="leetcode.spiral-matrix.test_spiral_matrix" name="test_spiralOrder[matrix4-expected4]" time="0.000" /><testcase classname="leetcode.spiral-matrix.test_spiral_matrix" name="test_spiralOrder[matrix5-expected5]" time="0.000" /><testcase classname="leetcode.spiral-matrix-ii.test_spiral_matrix_ii" name="test_generateMatrix[3-expected0]" time="0.000" /><testcase classname="leetcode.spiral-matrix-ii.test_spiral_matrix_ii" name="test_generateMatrix[1-expected1]" time="0.000" /><testcase classname="leetcode.spiral-matrix-ii.test_spiral_matrix_ii" name="test_generateMatrix[4-expected2]" time="0.000" /><testcase classname="leetcode.spiral-matrix-ii.test_spiral_matrix_ii" name="test_generateMatrix[2-expected3]" time="0.000" /><testcase classname="leetcode.spiral-matrix-ii.test_spiral_matrix_ii" name="test_generateMatrix[5-expected4]" time="0.000" /><testcase classname="leetcode.sqrtx.test_sqrt_x" name="test_mySqrt[4-2]" time="0.000" /><testcase classname="leetcode.sqrtx.test_sqrt_x" name="test_mySqrt[8-2]" time="0.000" /><testcase classname="leetcode.sqrtx.test_sqrt_x" name="test_mySqrt[0-0]" time="0.000" /><testcase classname="leetcode.sqrtx.test_sqrt_x" name="test_mySqrt[1-1]" time="0.000" /><testcase classname="leetcode.sqrtx.test_sqrt_x" name="test_mySqrt[16-4]" time="0.000" /><testcase classname="leetcode.sqrtx.test_sqrt_x" name="test_mySqrt[25-5]" time="0.000" /><testcase classname="leetcode.sqrtx.test_sqrt_x" name="test_mySqrt[30-5]" time="0.000" /><testcase classname="leetcode.sqrtx.test_sqrt_x" name="test_mySqrt[100-10]" time="0.000" /><testcase classname="leetcode.string-to-integer-atoi.test_string_to_integer_atoi" name="test_myAtoi[42-42]" time="0.000" /><testcase classname="leetcode.string-to-integer-atoi.test_string_to_integer_atoi" name="test_myAtoi[   -42--42]" time="0.000" /><testcase classname="leetcode.string-to-integer-atoi.test_string_to_integer_atoi" name="test_myAtoi[4193 with words-4193]" time="0.000" /><testcase classname="leetcode.string-to-integer-atoi.test_string_to_integer_atoi" name="test_myAtoi[words and 987-0]" time="0.000" /><testcase classname="leetcode.string-to-integer-atoi.test_string_to_integer_atoi" name="test_myAtoi[-91283472332--2147483648]" time="0.000" /><testcase classname="leetcode.string-to-integer-atoi.test_string_to_integer_atoi" name="test_myAtoi[-0]" time="0.000" /><testcase classname="leetcode.string-to-integer-atoi.test_string_to_integer_atoi" name="test_myAtoi[    -0]" time="0.000" /><testcase classname="leetcode.string-to-integer-atoi.test_string_to_integer_atoi" name="test_myAtoi[+1-1]" time="0.000" /><testcase classname="leetcode.string-to-integer-atoi.test_string_to_integer_atoi" name="test_myAtoi[2147483648-2147483647]" time="0.000" /><testcase classname="leetcode.string-to-integer-atoi.test_string_to_integer_atoi" name="test_myAtoi[-2147483649--2147483648]" time="0.000" /><testcase classname="leetcode.subsets.test_subsets_i" name="test_subsets[nums0-expected0]" time="0.000" /><testcase classname="leetcode.subsets.test_subsets_i" name="test_subsets[nums1-expected1]" time="0.000" /><testcase classname="leetcode.subsets.test_subsets_i" name="test_subsets[nums2-expected2]" time="0.000" /><testcase classname="leetcode.subsets-ii.test_subsets_ii" name="test_subsetsWithDup[nums0-expected_result0]" time="0.000" /><testcase classname="leetcode.subsets-ii.test_subsets_ii" name="test_subsetsWithDup[nums1-expected_result1]" time="0.000" /><testcase classname="leetcode.subsets-ii.test_subsets_ii" name="test_subsetsWithDup[nums2-expected_result2]" time="0.000" /><testcase classname="leetcode.substring-with-concatenation-of-all-words.test_substring_with_concatenation_of_all_words" name="test_findSubstring[barfoothefoobarman-words0-expected_result0]" time="0.000" /><testcase classname="leetcode.substring-with-concatenation-of-all-words.test_substring_with_concatenation_of_all_words" name="test_findSubstring[barfoofoobarthefoobarman-words1-expected_result1]" time="0.000" /><testcase classname="leetcode.substring-with-concatenation-of-all-words.test_substring_with_concatenation_of_all_words" name="test_findSubstring[aaa-words2-expected_result2]" time="0.000" /><testcase classname="leetcode.substring-with-concatenation-of-all-words.test_substring_with_concatenation_of_all_words" name="test_findSubstring[-words3-expected_result3]" time="0.000" /><testcase classname="leetcode.substring-with-concatenation-of-all-words.test_substring_with_concatenation_of_all_words" name="test_findSubstring[barfoobar-words4-expected_result4]" time="0.000" /><testcase classname="leetcode.sudoku-solver.test_sudoku_solver" name="test_solveSudoku[board0-expected_solution0]" time="0.037" /><testcase classname="leetcode.swap-nodes-in-pairs.test_swap_nodes_in_pairs" name="test_swapPairs[None-None]" time="0.000" /><testcase classname="leetcode.swap-nodes-in-pairs.test_swap_nodes_in_pairs" name="test_swapPairs[head1-expected1]" time="0.000" /><testcase classname="leetcode.swap-nodes-in-pairs.test_swap_nodes_in_pairs" name="test_swapPairs[head2-expected2]" time="0.000" /><testcase classname="leetcode.swap-nodes-in-pairs.test_swap_nodes_in_pairs" name="test_swapPairs[head3-expected3]" time="0.000" /><testcase classname="leetcode.swap-nodes-in-pairs.test_swap_nodes_in_pairs" name="test_swapPairs[head4-expected4]" time="0.000" /><testcase classname="leetcode.text-justification.test_text_justification" name="test_fullJustify[words0-16-expected0]" time="0.000" /><testcase classname="leetcode.text-justification.test_text_justification" name="test_fullJustify[words1-16-expected1]" time="0.000" /><testcase classname="leetcode.text-justification.test_text_justification" name="test_fullJustify[words2-20-expected2]" time="0.000" /><testcase classname="leetcode.trapping-rain-water.test_trapping_rain_water" name="test_trap[height0-6]" time="0.000" /><testcase classname="leetcode.trapping-rain-water.test_trapping_rain_water" name="test_trap[height1-9]" time="0.000" /><testcase classname="leetcode.two-sum.test_two_sum" name="test_twoSum[nums0-9-expected0]" time="0.000" /><testcase classname="leetcode.two-sum.test_two_sum" name="test_twoSum[nums1-6-expected1]" time="0.000" /><testcase classname="leetcode.two-sum.test_two_sum" name="test_twoSum[nums2-6-expected2]" time="0.000" /><testcase classname="leetcode.unique-binary-search-trees.test_unique_binary_search_trees" name="test_numTrees[1-1]" time="0.000" /><testcase classname="leetcode.unique-binary-search-trees.test_unique_binary_search_trees" name="test_numTrees[2-2]" time="0.000" /><testcase classname="leetcode.unique-binary-search-trees.test_unique_binary_search_trees" name="test_numTrees[3-5]" time="0.000" /><testcase classname="leetcode.unique-binary-search-trees.test_unique_binary_search_trees" name="test_numTrees[4-14]" time="0.000" /><testcase classname="leetcode.unique-binary-search-trees-ii.test_unique_binary_search_trees_ii" name="test_generateTrees[0-expected0]" time="0.000" /><testcase classname="leetcode.unique-binary-search-trees-ii.test_unique_binary_search_trees_ii" name="test_generateTrees[1-expected1]" time="0.000" /><testcase classname="leetcode.unique-binary-search-trees-ii.test_unique_binary_search_trees_ii" name="test_generateTrees[2-expected2]" time="0.000" /><testcase classname="leetcode.unique-paths.test_unique_paths" name="test_uniquePaths[3-7-28]" time="0.000" /><testcase classname="leetcode.unique-paths.test_unique_paths" name="test_uniquePaths[3-2-3]" time="0.000" /><testcase classname="leetcode.unique-paths.test_unique_paths" name="test_uniquePaths[7-3-28]" time="0.000" /><testcase classname="leetcode.unique-paths.test_unique_paths" name="test_uniquePaths[3-3-6]" time="0.000" /><testcase classname="leetcode.unique-paths.test_unique_paths" name="test_uniquePaths[1-1-1]" time="0.000" /><testcase classname="leetcode.unique-paths.test_unique_paths" name="test_uniquePaths[1-10-1]" time="0.000" /><testcase classname="leetcode.unique-paths.test_unique_paths" name="test_uniquePaths[10-1-1]" time="0.000" /><testcase classname="leetcode.unique-paths.test_unique_paths" name="test_uniquePaths[2-2-2]" time="0.000" /><testcase classname="leetcode.unique-paths.test_unique_paths" name="test_uniquePaths[4-4-20]" time="0.000" /><testcase classname="leetcode.unique-paths-ii.test_unique_paths_ii" name="test_uniquePathsWithObstacles[obstacleGrid0-2]" time="0.000" /><testcase classname="leetcode.unique-paths-ii.test_unique_paths_ii" name="test_uniquePathsWithObstacles[obstacleGrid1-1]" time="0.000" /><testcase classname="leetcode.unique-paths-ii.test_unique_paths_ii" name="test_uniquePathsWithObstacles[obstacleGrid2-6]" time="0.000" /><testcase classname="leetcode.unique-paths-ii.test_unique_paths_ii" name="test_uniquePathsWithObstacles[obstacleGrid3-0]" time="0.000" /><testcase classname="leetcode.unique-paths-ii.test_unique_paths_ii" name="test_uniquePathsWithObstacles[obstacleGrid4-0]" time="0.000" /><testcase classname="leetcode.unique-paths-ii.test_unique_paths_ii" name="test_uniquePathsWithObstacles[obstacleGrid5-0]" time="0.000" /><testcase classname="leetcode.valid-number.test_valid_number" name="test_isNumber[0-True]" time="0.000" /><testcase classname="leetcode.valid-number.test_valid_number" name="test_isNumber[123-True]" time="0.000" /><testcase classname="leetcode.valid-number.test_valid_number" name="test_isNumber[-456-True]" time="0.000" /><testcase classname="leetcode.valid-number.test_valid_number" name="test_isNumber[0.5-True]" time="0.000" /><testcase classname="leetcode.valid-number.test_valid_number" name="test_isNumber[-0.5-True]" time="0.000" /><testcase classname="leetcode.valid-number.test_valid_number" name="test_isNumber[123.456-True]" time="0.000" /><testcase classname="leetcode.valid-number.test_valid_number" name="test_isNumber[1e10-True]" time="0.000" /><testcase classname="leetcode.valid-number.test_valid_number" name="test_isNumber[-2E-5-True]" time="0.000" /><testcase classname="leetcode.valid-number.test_valid_number" name="test_isNumber[3.14e-2-True]" time="0.000" /><testcase classname="leetcode.valid-number.test_valid_number" name="test_isNumber[-7.89E6-True]" time="0.000" /><testcase classname="leetcode.valid-number.test_valid_number" name="test_isNumber[abc-False]" time="0.000" /><testcase classname="leetcode.valid-number.test_valid_number" name="test_isNumber[1.2.3-False]" time="0.000" /><testcase classname="leetcode.valid-number.test_valid_number" name="test_isNumber[1e2e3-False]" time="0.000" /><testcase classname="leetcode.valid-number.test_valid_number" name="test_isNumber[1e-False]" time="0.000" /><testcase classname="leetcode.valid-number.test_valid_number" name="test_isNumber[e3-False]" time="0.000" /><testcase classname="leetcode.valid-number.test_valid_number" name="test_isNumber[+-False]" time="0.000" /><testcase classname="leetcode.valid-number.test_valid_number" name="test_isNumber[-.-False]" time="0.000" /><testcase classname="leetcode.valid-number.test_valid_number" name="test_isNumber[-False]" time="0.000" /><testcase classname="leetcode.valid-parentheses.test_valid_parentheses" name="test_is_valid[()-True]" time="0.000" /><testcase classname="leetcode.valid-parentheses.test_valid_parentheses" name="test_is_valid[()[]{}-True]" time="0.000" /><testcase classname="leetcode.valid-parentheses.test_valid_parentheses" name="test_is_valid[(]-False]" time="0.000" /><testcase classname="leetcode.valid-parentheses.test_valid_parentheses" name="test_is_valid[([)]-False]" time="0.000" /><testcase classname="leetcode.valid-parentheses.test_valid_parentheses" name="test_is_valid[{[]}-True]" time="0.000" /><testcase classname="leetcode.valid-parentheses.test_valid_parentheses" name="test_is_valid[-True]" time="0.000" /><testcase classname="leetcode.valid-parentheses.test_valid_parentheses" name="test_is_valid[[-False]" time="0.000" /><testcase classname="leetcode.valid-parentheses.test_valid_parentheses" name="test_is_valid[]-False]" time="0.000" /><testcase classname="leetcode.valid-parentheses.test_valid_parentheses" name="test_is_valid[(-False]" time="0.000" /><testcase classname="leetcode.valid-parentheses.test_valid_parentheses" name="test_is_valid[)-False]" time="0.000" /><testcase classname="leetcode.valid-sudoku.test_valid_sudoku" name="test_isValidSudoku[board0-True]" time="0.000" /><testcase classname="leetcode.valid-sudoku.test_valid_sudoku" name="test_isValidSudoku[board1-False]" time="0.000" /><testcase classname="leetcode.validate-binary-search-tree.test_validate_binary_search_tree" name="test_isValidBST[root0-True]" time="0.000" /><testcase classname="leetcode.validate-binary-search-tree.test_validate_binary_search_tree" name="test_isValidBST[root1-False]" time="0.000" /><testcase classname="leetcode.validate-binary-search-tree.test_validate_binary_search_tree" name="test_isValidBST[root2-False]" time="0.000" /><testcase classname="leetcode.validate-binary-search-tree.test_validate_binary_search_tree" name="test_isValidBST[None-True]" time="0.000" /><testcase classname="leetcode.wildcard-matching.test_wildcard_matching" name="test_isMatch[aa-a-False]" time="0.000" /><testcase classname="leetcode.wildcard-matching.test_wildcard_matching" name="test_isMatch[aa-*-True]" time="0.000" /><testcase classname="leetcode.wildcard-matching.test_wildcard_matching" name="test_isMatch[cb-?a-False]" time="0.000" /><testcase classname="leetcode.wildcard-matching.test_wildcard_matching" name="test_isMatch[adceb-*a*b-True]" time="0.001" /><testcase classname="leetcode.wildcard-matching.test_wildcard_matching" name="test_isMatch[acdcb-a*c?b-False]" time="0.000" /><testcase classname="leetcode.wildcard-matching.test_wildcard_matching" name="test_isMatch[--True]" time="0.000" /><testcase classname="leetcode.wildcard-matching.test_wildcard_matching" name="test_isMatch[abc--False]" time="0.000" /><testcase classname="leetcode.wildcard-matching.test_wildcard_matching" name="test_isMatch[-*-True]" time="0.000" /><testcase classname="leetcode.wildcard-matching.test_wildcard_matching" name="test_isMatch[abc-****-True]" time="0.000" /><testcase classname="leetcode.wildcard-matching.test_wildcard_matching" name="test_isMatch[abc-*?*-True]" time="0.000" /><testcase classname="leetcode.wildcard-matching.test_wildcard_matching" name="test_isMatch[abc-*?a-False]" time="0.000" /><testcase classname="leetcode.wildcard-matching.test_wildcard_matching" name="test_isMatch[abc-*?d-False]" time="0.000" /><testcase classname="leetcode.wildcard-matching.test_wildcard_matching" name="test_isMatch[abc-*?*d-False]" time="0.000" /><testcase classname="leetcode.wildcard-matching.test_wildcard_matching" name="test_isMatch[abc-*?*c-True]" time="0.000" /><testcase classname="leetcode.wildcard-matching.test_wildcard_matching" name="test_isMatch[abc-a?c-True]" time="0.000" /><testcase classname="leetcode.word-search.test_word_search" name="test_exist[board0-ABCCED-True]" time="0.000" /><testcase classname="leetcode.word-search.test_word_search" name="test_exist[board1-SEE-True]" time="0.000" /><testcase classname="leetcode.word-search.test_word_search" name="test_exist[board2-ABCB-False]" time="0.000" /><testcase classname="leetcode.zigzag-conversion.test_zigzag_conversion.TestSolution" name="test_convert[PAYPALISHIRING-3-PAHNAPLSIIGYIR]" time="0.000" /><testcase classname="leetcode.zigzag-conversion.test_zigzag_conversion.TestSolution" name="test_convert[PAYPALISHIRING-4-PINALSIGYAHRPI]" time="0.000" /><testcase classname="leetcode.zigzag-conversion.test_zigzag_conversion.TestSolution" name="test_convert[A-1-A]" time="0.000" /><testcase classname="leetcode.zigzag-conversion.test_zigzag_conversion.TestSolution" name="test_convert[AB-1-AB]" time="0.000" /><testcase classname="leetcode.zigzag-conversion.test_zigzag_conversion.TestSolution" name="test_convert[ABC-2-ACB]" time="0.000" /><testcase classname="leetcode.zigzag-conversion.test_zigzag_conversion.TestSolution" name="test_convert[ABCDE-4-ABCED]" time="0.000" /></testsuite></testsuites>